Time resolution is 1 ps
------------Start simulation-----------
----Start the data input(AXI-Stream)----
----Start the coefficient input(AXI-lite)----
[ERROR] [Pattern          0] Golden answer:        7808, Your answer:           z
[ERROR] [Pattern          1] Golden answer:       41864, Your answer:           z
[ERROR] [Pattern          2] Golden answer:     -311516, Your answer:           z
[ERROR] [Pattern          3] Golden answer:      419894, Your answer:           z
[ERROR] [Pattern          4] Golden answer:     -525986, Your answer:           z
[ERROR] [Pattern          5] Golden answer:      540137, Your answer:           z
[ERROR] [Pattern          6] Golden answer:     -529696, Your answer:           z
[ERROR] [Pattern          7] Golden answer:      744689, Your answer:           z
[ERROR] [Pattern          8] Golden answer:     -176446, Your answer:           z
[ERROR] [Pattern          9] Golden answer:      367925, Your answer:           z
[ERROR] [Pattern         10] Golden answer:      423498, Your answer:           z
[ERROR] [Pattern         11] Golden answer:      564520, Your answer:           z
[ERROR] [Pattern         12] Golden answer:     -557309, Your answer:           z
[ERROR] [Pattern         13] Golden answer:        4069, Your answer:           z
[ERROR] [Pattern         14] Golden answer:      417117, Your answer:           z
[ERROR] [Pattern         15] Golden answer:       -5050, Your answer:           z
[ERROR] [Pattern         16] Golden answer:       20628, Your answer:           z
[ERROR] [Pattern         17] Golden answer:    -2240164, Your answer:           z
[ERROR] [Pattern         18] Golden answer:     1249427, Your answer:           z
[ERROR] [Pattern         19] Golden answer:    -3344435, Your answer:           z
[ERROR] [Pattern         20] Golden answer:    -1086398, Your answer:           z
[ERROR] [Pattern         21] Golden answer:    -1779776, Your answer:           z
[ERROR] [Pattern         22] Golden answer:     1561033, Your answer:           z
[ERROR] [Pattern         23] Golden answer:      867924, Your answer:           z
[ERROR] [Pattern         24] Golden answer:     1652775, Your answer:           z
[ERROR] [Pattern         25] Golden answer:     1529703, Your answer:           z
[ERROR] [Pattern         26] Golden answer:     2966889, Your answer:           z
[ERROR] [Pattern         27] Golden answer:     -693201, Your answer:           z
[ERROR] [Pattern         28] Golden answer:     -634770, Your answer:           z
[ERROR] [Pattern         29] Golden answer:    -3199583, Your answer:           z
[ERROR] [Pattern         30] Golden answer:    -1187741, Your answer:           z
[ERROR] [Pattern         31] Golden answer:    -3857169, Your answer:           z
[ERROR] [Pattern         32] Golden answer:     -727764, Your answer:           z
[ERROR] [Pattern         33] Golden answer:      846012, Your answer:           z
[ERROR] [Pattern         34] Golden answer:     3721297, Your answer:           z
[ERROR] [Pattern         35] Golden answer:     1210730, Your answer:           z
[ERROR] [Pattern         36] Golden answer:     2025942, Your answer:           z
[ERROR] [Pattern         37] Golden answer:     -366110, Your answer:           z
[ERROR] [Pattern         38] Golden answer:     1284014, Your answer:           z
[ERROR] [Pattern         39] Golden answer:    -2243990, Your answer:           z
[ERROR] [Pattern         40] Golden answer:     -176881, Your answer:           z
[ERROR] [Pattern         41] Golden answer:    -3330156, Your answer:           z
[ERROR] [Pattern         42] Golden answer:     3087297, Your answer:           z
[ERROR] [Pattern         43] Golden answer:     2993217, Your answer:           z
[ERROR] [Pattern         44] Golden answer:     -197879, Your answer:           z
[ERROR] [Pattern         45] Golden answer:     1646226, Your answer:           z
[ERROR] [Pattern         46] Golden answer:      311425, Your answer:           z
[ERROR] [Pattern         47] Golden answer:     1080558, Your answer:           z
[ERROR] [Pattern         48] Golden answer:    -3322424, Your answer:           z
[ERROR] [Pattern         49] Golden answer:    -1401694, Your answer:           z
[ERROR] [Pattern         50] Golden answer:      704102, Your answer:           z
[ERROR] [Pattern         51] Golden answer:     -799123, Your answer:           z
[ERROR] [Pattern         52] Golden answer:     2393833, Your answer:           z
[ERROR] [Pattern         53] Golden answer:     1601140, Your answer:           z
[ERROR] [Pattern         54] Golden answer:      860380, Your answer:           z
[ERROR] [Pattern         55] Golden answer:      552213, Your answer:           z
[ERROR] [Pattern         56] Golden answer:    -1830816, Your answer:           z
[ERROR] [Pattern         57] Golden answer:     3155744, Your answer:           z
[ERROR] [Pattern         58] Golden answer:    -4249595, Your answer:           z
[ERROR] [Pattern         59] Golden answer:     1394630, Your answer:           z
[ERROR] [Pattern         60] Golden answer:      517415, Your answer:           z
[ERROR] [Pattern         61] Golden answer:     -727287, Your answer:           z
[ERROR] [Pattern         62] Golden answer:    -1259228, Your answer:           z
[ERROR] [Pattern         63] Golden answer:     1881156, Your answer:           z
[ERROR] [Pattern         64] Golden answer:    -2015006, Your answer:           z
[ERROR] [Pattern         65] Golden answer:     3398600, Your answer:           z
[ERROR] [Pattern         66] Golden answer:    -3438870, Your answer:           z
[ERROR] [Pattern         67] Golden answer:     4589509, Your answer:           z
[ERROR] [Pattern         68] Golden answer:     -774327, Your answer:           z
[ERROR] [Pattern         69] Golden answer:     -195339, Your answer:           z
[ERROR] [Pattern         70] Golden answer:     1700594, Your answer:           z
[ERROR] [Pattern         71] Golden answer:      849243, Your answer:           z
[ERROR] [Pattern         72] Golden answer:    -2543581, Your answer:           z
[ERROR] [Pattern         73] Golden answer:     1890943, Your answer:           z
[ERROR] [Pattern         74] Golden answer:     -668445, Your answer:           z
[ERROR] [Pattern         75] Golden answer:    -2304459, Your answer:           z
[ERROR] [Pattern         76] Golden answer:      884232, Your answer:           z
[ERROR] [Pattern         77] Golden answer:    -1694770, Your answer:           z
[ERROR] [Pattern         78] Golden answer:     -304315, Your answer:           z
[ERROR] [Pattern         79] Golden answer:     -561708, Your answer:           z
[ERROR] [Pattern         80] Golden answer:    -1594990, Your answer:           z
[ERROR] [Pattern         81] Golden answer:     1420359, Your answer:           z
[ERROR] [Pattern         82] Golden answer:    -1412532, Your answer:           z
[ERROR] [Pattern         83] Golden answer:      -40807, Your answer:           z
[ERROR] [Pattern         84] Golden answer:        1564, Your answer:           z
[ERROR] [Pattern         85] Golden answer:     -166174, Your answer:           z
[ERROR] [Pattern         86] Golden answer:    -2097732, Your answer:           z
[ERROR] [Pattern         87] Golden answer:      472936, Your answer:           z
[ERROR] [Pattern         88] Golden answer:    -3377319, Your answer:           z
[ERROR] [Pattern         89] Golden answer:     2207581, Your answer:           z
[ERROR] [Pattern         90] Golden answer:    -2275720, Your answer:           z
[ERROR] [Pattern         91] Golden answer:     1884787, Your answer:           z
[ERROR] [Pattern         92] Golden answer:    -2747465, Your answer:           z
[ERROR] [Pattern         93] Golden answer:     1866074, Your answer:           z
[ERROR] [Pattern         94] Golden answer:      104482, Your answer:           z
[ERROR] [Pattern         95] Golden answer:     3302608, Your answer:           z
[ERROR] [Pattern         96] Golden answer:    -3314574, Your answer:           z
[ERROR] [Pattern         97] Golden answer:     2286144, Your answer:           z
[ERROR] [Pattern         98] Golden answer:    -2349315, Your answer:           z
[ERROR] [Pattern         99] Golden answer:    -1122545, Your answer:           z
[ERROR] [Pattern        100] Golden answer:     -359323, Your answer:           z
[ERROR] [Pattern        101] Golden answer:    -3846027, Your answer:           z
[ERROR] [Pattern        102] Golden answer:     2752146, Your answer:           z
[ERROR] [Pattern        103] Golden answer:     -177752, Your answer:           z
[ERROR] [Pattern        104] Golden answer:     -333058, Your answer:           z
[ERROR] [Pattern        105] Golden answer:     4020621, Your answer:           z
[ERROR] [Pattern        106] Golden answer:    -1252369, Your answer:           z
[ERROR] [Pattern        107] Golden answer:      826615, Your answer:           z
[ERROR] [Pattern        108] Golden answer:     2419747, Your answer:           z
[ERROR] [Pattern        109] Golden answer:    -1727723, Your answer:           z
[ERROR] [Pattern        110] Golden answer:     2276971, Your answer:           z
[ERROR] [Pattern        111] Golden answer:    -2880638, Your answer:           z
[ERROR] [Pattern        112] Golden answer:     2928942, Your answer:           z
[ERROR] [Pattern        113] Golden answer:      726100, Your answer:           z
[ERROR] [Pattern        114] Golden answer:    -2539840, Your answer:           z
[ERROR] [Pattern        115] Golden answer:      -49929, Your answer:           z
[ERROR] [Pattern        116] Golden answer:      -11552, Your answer:           z
[ERROR] [Pattern        117] Golden answer:    -2570051, Your answer:           z
[ERROR] [Pattern        118] Golden answer:    -1509194, Your answer:           z
[ERROR] [Pattern        119] Golden answer:    -1397435, Your answer:           z
[ERROR] [Pattern        120] Golden answer:     5397167, Your answer:           z
[ERROR] [Pattern        121] Golden answer:    -2484312, Your answer:           z
[ERROR] [Pattern        122] Golden answer:     8202139, Your answer:           z
[ERROR] [Pattern        123] Golden answer:    -2239474, Your answer:           z
[ERROR] [Pattern        124] Golden answer:     2954344, Your answer:           z
[ERROR] [Pattern        125] Golden answer:    -1660827, Your answer:           z
[ERROR] [Pattern        126] Golden answer:    -1583556, Your answer:           z
[ERROR] [Pattern        127] Golden answer:     1722905, Your answer:           z
[ERROR] [Pattern        128] Golden answer:    -5005218, Your answer:           z
[ERROR] [Pattern        129] Golden answer:     -796473, Your answer:           z
[ERROR] [Pattern        130] Golden answer:     4898543, Your answer:           z
[ERROR] [Pattern        131] Golden answer:    -1356221, Your answer:           z
[ERROR] [Pattern        132] Golden answer:     2528216, Your answer:           z
 Check Coefficient ...
[ERROR] [Pattern        133] Golden answer:    -1425761, Your answer:           z
[ERROR] [Pattern        134] Golden answer:     1691479, Your answer:           z
[ERROR] [Pattern        135] Golden answer:    -1390327, Your answer:           z
[ERROR] [Pattern        136] Golden answer:     -912137, Your answer:           z
OK: exp =           4, rdata =           4
[ERROR] [Pattern        137] Golden answer:      259853, Your answer:           z
[ERROR] [Pattern        138] Golden answer:    -1231767, Your answer:           z
[ERROR] [Pattern        139] Golden answer:     1182109, Your answer:           z
[ERROR] [Pattern        140] Golden answer:    -3262725, Your answer:           z
OK: exp =          -6, rdata =          -6
[ERROR] [Pattern        141] Golden answer:    -2725776, Your answer:           z
[ERROR] [Pattern        142] Golden answer:     2163432, Your answer:           z
[ERROR] [Pattern        143] Golden answer:    -4534000, Your answer:           z
[ERROR] [Pattern        144] Golden answer:     5266576, Your answer:           z
OK: exp =           9, rdata =           9
[ERROR] [Pattern        145] Golden answer:    -4155190, Your answer:           z
[ERROR] [Pattern        146] Golden answer:      808136, Your answer:           z
[ERROR] [Pattern        147] Golden answer:     4291030, Your answer:           z
[ERROR] [Pattern        148] Golden answer:    -1189974, Your answer:           z
OK: exp =          -6, rdata =          -6
[ERROR] [Pattern        149] Golden answer:     1773391, Your answer:           z
[ERROR] [Pattern        150] Golden answer:    -3963428, Your answer:           z
[ERROR] [Pattern        151] Golden answer:     -398367, Your answer:           z
[ERROR] [Pattern        152] Golden answer:      -53778, Your answer:           z
OK: exp =           7, rdata =           7
[ERROR] [Pattern        153] Golden answer:    -3044917, Your answer:           z
[ERROR] [Pattern        154] Golden answer:    -1292405, Your answer:           z
[ERROR] [Pattern        155] Golden answer:      777410, Your answer:           z
[ERROR] [Pattern        156] Golden answer:     1335324, Your answer:           z
OK: exp =          -4, rdata =          -4
[ERROR] [Pattern        157] Golden answer:     -555973, Your answer:           z
[ERROR] [Pattern        158] Golden answer:     -427729, Your answer:           z
[ERROR] [Pattern        159] Golden answer:      986551, Your answer:           z
[ERROR] [Pattern        160] Golden answer:    -1587085, Your answer:           z
OK: exp =           3, rdata =           3
[ERROR] [Pattern        161] Golden answer:     2958072, Your answer:           z
[ERROR] [Pattern        162] Golden answer:    -5893093, Your answer:           z
[ERROR] [Pattern        163] Golden answer:     2221953, Your answer:           z
[ERROR] [Pattern        164] Golden answer:    -1852614, Your answer:           z
OK: exp =           0, rdata =           0
[ERROR] [Pattern        165] Golden answer:     3731554, Your answer:           z
[ERROR] [Pattern        166] Golden answer:     -863040, Your answer:           z
[ERROR] [Pattern        167] Golden answer:    -3274613, Your answer:           z
[ERROR] [Pattern        168] Golden answer:     1117101, Your answer:           z
OK: exp =          -7, rdata =          -7
[ERROR] [Pattern        169] Golden answer:      710284, Your answer:           z
[ERROR] [Pattern        170] Golden answer:    -2337885, Your answer:           z
[ERROR] [Pattern        171] Golden answer:     1842539, Your answer:           z
[ERROR] [Pattern        172] Golden answer:    -3879394, Your answer:           z
OK: exp =           4, rdata =           4
[ERROR] [Pattern        173] Golden answer:     4425654, Your answer:           z
[ERROR] [Pattern        174] Golden answer:    -3796012, Your answer:           z
[ERROR] [Pattern        175] Golden answer:      974529, Your answer:           z
[ERROR] [Pattern        176] Golden answer:    -3345327, Your answer:           z
OK: exp =           2, rdata =           2
[ERROR] [Pattern        177] Golden answer:     -625444, Your answer:           z
[ERROR] [Pattern        178] Golden answer:     -355895, Your answer:           z
[ERROR] [Pattern        179] Golden answer:     -528175, Your answer:           z
[ERROR] [Pattern        180] Golden answer:     1705603, Your answer:           z
OK: exp =          -7, rdata =          -7
[ERROR] [Pattern        181] Golden answer:    -1183677, Your answer:           z
[ERROR] [Pattern        182] Golden answer:     5395015, Your answer:           z
[ERROR] [Pattern        183] Golden answer:    -2486083, Your answer:           z
[ERROR] [Pattern        184] Golden answer:      509913, Your answer:           z
OK: exp =          -7, rdata =          -7
[ERROR] [Pattern        185] Golden answer:     -567177, Your answer:           z
[ERROR] [Pattern        186] Golden answer:    -1260829, Your answer:           z
[ERROR] [Pattern        187] Golden answer:     2400959, Your answer:           z
[ERROR] [Pattern        188] Golden answer:    -1929297, Your answer:           z
OK: exp =          -9, rdata =          -9
[ERROR] [Pattern        189] Golden answer:    -1715124, Your answer:           z
[ERROR] [Pattern        190] Golden answer:     4671478, Your answer:           z
[ERROR] [Pattern        191] Golden answer:    -3819242, Your answer:           z
[ERROR] [Pattern        192] Golden answer:     3498423, Your answer:           z
OK: exp =           1, rdata =           1
[ERROR] [Pattern        193] Golden answer:    -1674998, Your answer:           z
[ERROR] [Pattern        194] Golden answer:    -1150115, Your answer:           z
[ERROR] [Pattern        195] Golden answer:     -485043, Your answer:           z
[ERROR] [Pattern        196] Golden answer:    -1431732, Your answer:           z
OK: exp =           6, rdata =           6
[ERROR] [Pattern        197] Golden answer:      -24047, Your answer:           z
[ERROR] [Pattern        198] Golden answer:     -923027, Your answer:           z
[ERROR] [Pattern        199] Golden answer:    -1205431, Your answer:           z
[ERROR] [Pattern        200] Golden answer:     2154995, Your answer:           z
OK: exp =          -8, rdata =          -8
[ERROR] [Pattern        201] Golden answer:     -760647, Your answer:           z
[ERROR] [Pattern        202] Golden answer:     -914635, Your answer:           z
[ERROR] [Pattern        203] Golden answer:     2289630, Your answer:           z
[ERROR] [Pattern        204] Golden answer:      784838, Your answer:           z
OK: exp =           9, rdata =           9
[ERROR] [Pattern        205] Golden answer:    -4547906, Your answer:           z
[ERROR] [Pattern        206] Golden answer:      218567, Your answer:           z
[ERROR] [Pattern        207] Golden answer:     -683623, Your answer:           z
[ERROR] [Pattern        208] Golden answer:    -2260149, Your answer:           z
OK: exp =           8, rdata =           8
[ERROR] [Pattern        209] Golden answer:     1417052, Your answer:           z
[ERROR] [Pattern        210] Golden answer:      329186, Your answer:           z
[ERROR] [Pattern        211] Golden answer:     2552874, Your answer:           z
[ERROR] [Pattern        212] Golden answer:     1195716, Your answer:           z
OK: exp =           5, rdata =           5
[ERROR] [Pattern        213] Golden answer:    -1081879, Your answer:           z
[ERROR] [Pattern        214] Golden answer:     2710212, Your answer:           z
[ERROR] [Pattern        215] Golden answer:    -1885240, Your answer:           z
[ERROR] [Pattern        216] Golden answer:     -431882, Your answer:           z
OK: exp =          -9, rdata =          -9
[ERROR] [Pattern        217] Golden answer:    -2488433, Your answer:           z
[ERROR] [Pattern        218] Golden answer:    -2074505, Your answer:           z
[ERROR] [Pattern        219] Golden answer:     -480709, Your answer:           z
[ERROR] [Pattern        220] Golden answer:     3030613, Your answer:           z
OK: exp =           4, rdata =           4
[ERROR] [Pattern        221] Golden answer:     -500139, Your answer:           z
[ERROR] [Pattern        222] Golden answer:     3690905, Your answer:           z
[ERROR] [Pattern        223] Golden answer:     2226313, Your answer:           z
[ERROR] [Pattern        224] Golden answer:     -238798, Your answer:           z
OK: exp =          -8, rdata =          -8
[ERROR] [Pattern        225] Golden answer:      792254, Your answer:           z
[ERROR] [Pattern        226] Golden answer:     2225639, Your answer:           z
[ERROR] [Pattern        227] Golden answer:     -589821, Your answer:           z
[ERROR] [Pattern        228] Golden answer:    -2082510, Your answer:           z
OK: exp =          -7, rdata =          -7
[ERROR] [Pattern        229] Golden answer:      825178, Your answer:           z
[ERROR] [Pattern        230] Golden answer:    -2406735, Your answer:           z
[ERROR] [Pattern        231] Golden answer:     4030478, Your answer:           z
[ERROR] [Pattern        232] Golden answer:    -3418198, Your answer:           z
OK: exp =          -7, rdata =          -7
[ERROR] [Pattern        233] Golden answer:     2864318, Your answer:           z
[ERROR] [Pattern        234] Golden answer:    -3236876, Your answer:           z
[ERROR] [Pattern        235] Golden answer:      508232, Your answer:           z
[ERROR] [Pattern        236] Golden answer:    -1091048, Your answer:           z
OK: exp =          -6, rdata =          -6
[ERROR] [Pattern        237] Golden answer:     -585555, Your answer:           z
[ERROR] [Pattern        238] Golden answer:     -657956, Your answer:           z
[ERROR] [Pattern        239] Golden answer:      711799, Your answer:           z
[ERROR] [Pattern        240] Golden answer:    -1113801, Your answer:           z
OK: exp =           3, rdata =           3
[ERROR] [Pattern        241] Golden answer:     3564574, Your answer:           z
[ERROR] [Pattern        242] Golden answer:        2479, Your answer:           z
[ERROR] [Pattern        243] Golden answer:      399376, Your answer:           z
[ERROR] [Pattern        244] Golden answer:    -1760222, Your answer:           z
OK: exp =          -3, rdata =          -3
[ERROR] [Pattern        245] Golden answer:     3219542, Your answer:           z
[ERROR] [Pattern        246] Golden answer:     -927720, Your answer:           z
[ERROR] [Pattern        247] Golden answer:    -1823602, Your answer:           z
[ERROR] [Pattern        248] Golden answer:     -921207, Your answer:           z
OK: exp =           2, rdata =           2
[ERROR] [Pattern        249] Golden answer:     1357761, Your answer:           z
[ERROR] [Pattern        250] Golden answer:    -1389726, Your answer:           z
[ERROR] [Pattern        251] Golden answer:     -884245, Your answer:           z
[ERROR] [Pattern        252] Golden answer:      962722, Your answer:           z
OK: exp =           5, rdata =           5
[ERROR] [Pattern        253] Golden answer:     -907241, Your answer:           z
[ERROR] [Pattern        254] Golden answer:     1259461, Your answer:           z
[ERROR] [Pattern        255] Golden answer:    -1177271, Your answer:           z
[ERROR] [Pattern        256] Golden answer:     3264352, Your answer:           z
OK: exp =          -9, rdata =          -9
[ERROR] [Pattern        257] Golden answer:    -1993527, Your answer:           z
[ERROR] [Pattern        258] Golden answer:     3702541, Your answer:           z
[ERROR] [Pattern        259] Golden answer:    -1406257, Your answer:           z
[ERROR] [Pattern        260] Golden answer:     5456646, Your answer:           z
OK: exp =          10, rdata =          10
 Tape programming done ...
 Start FIR
[ERROR] [Pattern        261] Golden answer:    -1896515, Your answer:           z
[ERROR] [Pattern        262] Golden answer:     -207732, Your answer:           z
[ERROR] [Pattern        263] Golden answer:     -522858, Your answer:           z
[ERROR] [Pattern        264] Golden answer:    -2633692, Your answer:           z
[ERROR] [Pattern        265] Golden answer:    -2480582, Your answer:           z
[ERROR] [Pattern        266] Golden answer:    -1606862, Your answer:           z
----End the coefficient input(AXI-lite)----
[ERROR] [Pattern        267] Golden answer:    -1147174, Your answer:           z
[ERROR] [Pattern        268] Golden answer:     3711178, Your answer:           z
[ERROR] [Pattern        269] Golden answer:      431881, Your answer:           z
[ERROR] [Pattern        270] Golden answer:      246419, Your answer:           z
[ERROR] [Pattern        271] Golden answer:     2127843, Your answer:           z
[ERROR] [Pattern        272] Golden answer:    -3401795, Your answer:           z
[ERROR] [Pattern        273] Golden answer:     1945077, Your answer:           z
[ERROR] [Pattern        274] Golden answer:    -3677635, Your answer:           z
[ERROR] [Pattern        275] Golden answer:     -738426, Your answer:           z
[ERROR] [Pattern        276] Golden answer:     1426162, Your answer:           z
[ERROR] [Pattern        277] Golden answer:      802902, Your answer:           z
[ERROR] [Pattern        278] Golden answer:    -1973025, Your answer:           z
[ERROR] [Pattern        279] Golden answer:     1759601, Your answer:           z
[ERROR] [Pattern        280] Golden answer:     1282766, Your answer:           z
[ERROR] [Pattern        281] Golden answer:      606665, Your answer:           z
[ERROR] [Pattern        282] Golden answer:     -803301, Your answer:           z
[ERROR] [Pattern        283] Golden answer:     2141095, Your answer:           z
[ERROR] [Pattern        284] Golden answer:     -620239, Your answer:           z
[ERROR] [Pattern        285] Golden answer:     1832331, Your answer:           z
[ERROR] [Pattern        286] Golden answer:    -2246592, Your answer:           z
[ERROR] [Pattern        287] Golden answer:     -415655, Your answer:           z
[ERROR] [Pattern        288] Golden answer:     -793665, Your answer:           z
[ERROR] [Pattern        289] Golden answer:    -3027897, Your answer:           z
[ERROR] [Pattern        290] Golden answer:     1955968, Your answer:           z
[ERROR] [Pattern        291] Golden answer:    -2955796, Your answer:           z
[ERROR] [Pattern        292] Golden answer:     3697371, Your answer:           z
[ERROR] [Pattern        293] Golden answer:     1505507, Your answer:           z
[ERROR] [Pattern        294] Golden answer:     1227172, Your answer:           z
[ERROR] [Pattern        295] Golden answer:      928857, Your answer:           z
[ERROR] [Pattern        296] Golden answer:     3997052, Your answer:           z
[ERROR] [Pattern        297] Golden answer:    -2121465, Your answer:           z
[ERROR] [Pattern        298] Golden answer:     2017040, Your answer:           z
[ERROR] [Pattern        299] Golden answer:    -1123618, Your answer:           z
[ERROR] [Pattern        300] Golden answer:     -521714, Your answer:           z
[ERROR] [Pattern        301] Golden answer:    -1416058, Your answer:           z
[ERROR] [Pattern        302] Golden answer:    -1345488, Your answer:           z
[ERROR] [Pattern        303] Golden answer:       -1207, Your answer:           z
[ERROR] [Pattern        304] Golden answer:     1799382, Your answer:           z
[ERROR] [Pattern        305] Golden answer:     1783947, Your answer:           z
[ERROR] [Pattern        306] Golden answer:      951063, Your answer:           z
[ERROR] [Pattern        307] Golden answer:     2569208, Your answer:           z
[ERROR] [Pattern        308] Golden answer:     -403750, Your answer:           z
[ERROR] [Pattern        309] Golden answer:      571982, Your answer:           z
[ERROR] [Pattern        310] Golden answer:      560053, Your answer:           z
[ERROR] [Pattern        311] Golden answer:    -2825492, Your answer:           z
[ERROR] [Pattern        312] Golden answer:     -746909, Your answer:           z
[ERROR] [Pattern        313] Golden answer:    -1447465, Your answer:           z
[ERROR] [Pattern        314] Golden answer:     3087002, Your answer:           z
[ERROR] [Pattern        315] Golden answer:    -1460928, Your answer:           z
[ERROR] [Pattern        316] Golden answer:     -898239, Your answer:           z
[ERROR] [Pattern        317] Golden answer:     3238798, Your answer:           z
[ERROR] [Pattern        318] Golden answer:     2812504, Your answer:           z
[ERROR] [Pattern        319] Golden answer:     -781369, Your answer:           z
[ERROR] [Pattern        320] Golden answer:     2858023, Your answer:           z
[ERROR] [Pattern        321] Golden answer:      949457, Your answer:           z
[ERROR] [Pattern        322] Golden answer:     1235090, Your answer:           z
[ERROR] [Pattern        323] Golden answer:    -1146173, Your answer:           z
[ERROR] [Pattern        324] Golden answer:     2211302, Your answer:           z
[ERROR] [Pattern        325] Golden answer:    -4514040, Your answer:           z
[ERROR] [Pattern        326] Golden answer:    -1385130, Your answer:           z
[ERROR] [Pattern        327] Golden answer:     1024169, Your answer:           z
[ERROR] [Pattern        328] Golden answer:    -1698883, Your answer:           z
[ERROR] [Pattern        329] Golden answer:      969772, Your answer:           z
[ERROR] [Pattern        330] Golden answer:     -681597, Your answer:           z
[ERROR] [Pattern        331] Golden answer:     3196423, Your answer:           z
[ERROR] [Pattern        332] Golden answer:     2696595, Your answer:           z
[ERROR] [Pattern        333] Golden answer:      442313, Your answer:           z
[ERROR] [Pattern        334] Golden answer:     3958503, Your answer:           z
[ERROR] [Pattern        335] Golden answer:      800775, Your answer:           z
[ERROR] [Pattern        336] Golden answer:      679660, Your answer:           z
[ERROR] [Pattern        337] Golden answer:     2421076, Your answer:           z
[ERROR] [Pattern        338] Golden answer:    -2614320, Your answer:           z
[ERROR] [Pattern        339] Golden answer:      780575, Your answer:           z
[ERROR] [Pattern        340] Golden answer:    -2406999, Your answer:           z
[ERROR] [Pattern        341] Golden answer:     2748040, Your answer:           z
[ERROR] [Pattern        342] Golden answer:    -1984268, Your answer:           z
[ERROR] [Pattern        343] Golden answer:    -1184480, Your answer:           z
[ERROR] [Pattern        344] Golden answer:      228884, Your answer:           z
[ERROR] [Pattern        345] Golden answer:      645259, Your answer:           z
[ERROR] [Pattern        346] Golden answer:     2726730, Your answer:           z
[ERROR] [Pattern        347] Golden answer:    -3705784, Your answer:           z
[ERROR] [Pattern        348] Golden answer:      964859, Your answer:           z
[ERROR] [Pattern        349] Golden answer:     3889083, Your answer:           z
[ERROR] [Pattern        350] Golden answer:    -3672898, Your answer:           z
[ERROR] [Pattern        351] Golden answer:     2073738, Your answer:           z
[ERROR] [Pattern        352] Golden answer:    -2489266, Your answer:           z
[ERROR] [Pattern        353] Golden answer:      230050, Your answer:           z
[ERROR] [Pattern        354] Golden answer:    -1611933, Your answer:           z
[ERROR] [Pattern        355] Golden answer:    -5224963, Your answer:           z
[ERROR] [Pattern        356] Golden answer:     2349468, Your answer:           z
[ERROR] [Pattern        357] Golden answer:    -4059797, Your answer:           z
[ERROR] [Pattern        358] Golden answer:     3255301, Your answer:           z
[ERROR] [Pattern        359] Golden answer:     -703488, Your answer:           z
[ERROR] [Pattern        360] Golden answer:    -2926581, Your answer:           z
[ERROR] [Pattern        361] Golden answer:     1580479, Your answer:           z
[ERROR] [Pattern        362] Golden answer:    -1981122, Your answer:           z
[ERROR] [Pattern        363] Golden answer:      102107, Your answer:           z
[ERROR] [Pattern        364] Golden answer:      730370, Your answer:           z
[ERROR] [Pattern        365] Golden answer:    -2536056, Your answer:           z
[ERROR] [Pattern        366] Golden answer:     4109027, Your answer:           z
[ERROR] [Pattern        367] Golden answer:    -5237343, Your answer:           z
[ERROR] [Pattern        368] Golden answer:     1511713, Your answer:           z
[ERROR] [Pattern        369] Golden answer:    -2391299, Your answer:           z
[ERROR] [Pattern        370] Golden answer:     -192724, Your answer:           z
[ERROR] [Pattern        371] Golden answer:    -1700702, Your answer:           z
[ERROR] [Pattern        372] Golden answer:     -127065, Your answer:           z
[ERROR] [Pattern        373] Golden answer:     -268088, Your answer:           z
[ERROR] [Pattern        374] Golden answer:     -485557, Your answer:           z
[ERROR] [Pattern        375] Golden answer:     2514221, Your answer:           z
[ERROR] [Pattern        376] Golden answer:     -360236, Your answer:           z
[ERROR] [Pattern        377] Golden answer:      329588, Your answer:           z
[ERROR] [Pattern        378] Golden answer:      154593, Your answer:           z
[ERROR] [Pattern        379] Golden answer:      776014, Your answer:           z
[ERROR] [Pattern        380] Golden answer:      648098, Your answer:           z
[ERROR] [Pattern        381] Golden answer:     1263999, Your answer:           z
[ERROR] [Pattern        382] Golden answer:      417412, Your answer:           z
[ERROR] [Pattern        383] Golden answer:     1935727, Your answer:           z
[ERROR] [Pattern        384] Golden answer:    -4121020, Your answer:           z
[ERROR] [Pattern        385] Golden answer:      915291, Your answer:           z
[ERROR] [Pattern        386] Golden answer:    -1436405, Your answer:           z
[ERROR] [Pattern        387] Golden answer:    -3551927, Your answer:           z
[ERROR] [Pattern        388] Golden answer:      172218, Your answer:           z
[ERROR] [Pattern        389] Golden answer:      845541, Your answer:           z
[ERROR] [Pattern        390] Golden answer:    -1748917, Your answer:           z
[ERROR] [Pattern        391] Golden answer:     1100662, Your answer:           z
[ERROR] [Pattern        392] Golden answer:     1260238, Your answer:           z
[ERROR] [Pattern        393] Golden answer:     4865690, Your answer:           z
[ERROR] [Pattern        394] Golden answer:    -1665477, Your answer:           z
[ERROR] [Pattern        395] Golden answer:     2357849, Your answer:           z
[ERROR] [Pattern        396] Golden answer:     1078162, Your answer:           z
[ERROR] [Pattern        397] Golden answer:    -2078686, Your answer:           z
[ERROR] [Pattern        398] Golden answer:    -2026619, Your answer:           z
[ERROR] [Pattern        399] Golden answer:     -872252, Your answer:           z
ERROR: exp =           2, rdata =           0
ERROR: exp =           4, rdata =          -7
--------Simulation Failed---------
$finish called at time : 4095 ns : File "D:/project/SoC/spring_lab/lab3_fir/lab03_material/sim/tb.v" Line 225
