 
****************************************
Report : constraint
        -all_violators
Design : fir
Version: R-2020.09-SP5
Date   : Sun Mar  9 14:17:00 2025
****************************************


   max_capacitance

                             Required        Actual
   Net                      Capacitance    Capacitance       Slack
   -----------------------------------------------------------------
   arready                      0.99           1.00          -0.01  (VIOLATED)
   awready                      0.99           1.00          -0.01  (VIOLATED)
   data_A[0]                    0.99           1.00          -0.01  (VIOLATED)
   data_A[1]                    0.99           1.00          -0.01  (VIOLATED)
   data_A[2]                    0.99           1.00          -0.01  (VIOLATED)
   data_A[3]                    0.99           1.00          -0.01  (VIOLATED)
   data_A[4]                    0.99           1.00          -0.01  (VIOLATED)
   data_A[5]                    0.99           1.00          -0.01  (VIOLATED)
   data_A[6]                    0.99           1.00          -0.01  (VIOLATED)
   data_A[7]                    0.99           1.00          -0.01  (VIOLATED)
   data_A[8]                    0.99           1.00          -0.01  (VIOLATED)
   data_A[9]                    0.99           1.00          -0.01  (VIOLATED)
   data_A[10]                   0.99           1.00          -0.01  (VIOLATED)
   data_A[11]                   0.99           1.00          -0.01  (VIOLATED)
   data_Di[0]                   0.99           1.00          -0.01  (VIOLATED)
   data_Di[1]                   0.99           1.00          -0.01  (VIOLATED)
   data_Di[2]                   0.99           1.00          -0.01  (VIOLATED)
   data_Di[3]                   0.99           1.00          -0.01  (VIOLATED)
   data_Di[4]                   0.99           1.00          -0.01  (VIOLATED)
   data_Di[5]                   0.99           1.00          -0.01  (VIOLATED)
   data_Di[6]                   0.99           1.00          -0.01  (VIOLATED)
   data_Di[7]                   0.99           1.00          -0.01  (VIOLATED)
   data_Di[8]                   0.99           1.00          -0.01  (VIOLATED)
   data_Di[9]                   0.99           1.00          -0.01  (VIOLATED)
   data_Di[10]                  0.99           1.00          -0.01  (VIOLATED)
   data_Di[11]                  0.99           1.00          -0.01  (VIOLATED)
   data_Di[12]                  0.99           1.00          -0.01  (VIOLATED)
   data_Di[13]                  0.99           1.00          -0.01  (VIOLATED)
   data_Di[14]                  0.99           1.00          -0.01  (VIOLATED)
   data_Di[15]                  0.99           1.00          -0.01  (VIOLATED)
   data_Di[16]                  0.99           1.00          -0.01  (VIOLATED)
   data_Di[17]                  0.99           1.00          -0.01  (VIOLATED)
   data_Di[18]                  0.99           1.00          -0.01  (VIOLATED)
   data_Di[19]                  0.99           1.00          -0.01  (VIOLATED)
   data_Di[20]                  0.99           1.00          -0.01  (VIOLATED)
   data_Di[21]                  0.99           1.00          -0.01  (VIOLATED)
   data_Di[22]                  0.99           1.00          -0.01  (VIOLATED)
   data_Di[23]                  0.99           1.00          -0.01  (VIOLATED)
   data_Di[24]                  0.99           1.00          -0.01  (VIOLATED)
   data_Di[25]                  0.99           1.00          -0.01  (VIOLATED)
   data_Di[26]                  0.99           1.00          -0.01  (VIOLATED)
   data_Di[27]                  0.99           1.00          -0.01  (VIOLATED)
   data_Di[28]                  0.99           1.00          -0.01  (VIOLATED)
   data_Di[29]                  0.99           1.00          -0.01  (VIOLATED)
   data_Di[30]                  0.99           1.00          -0.01  (VIOLATED)
   data_Di[31]                  0.99           1.00          -0.01  (VIOLATED)
   data_EN                      0.99           1.00          -0.01  (VIOLATED)
   data_WE[0]                   0.99           1.00          -0.01  (VIOLATED)
   data_WE[1]                   0.99           1.00          -0.01  (VIOLATED)
   data_WE[2]                   0.99           1.00          -0.01  (VIOLATED)
   data_WE[3]                   0.99           1.00          -0.01  (VIOLATED)
   rdata[0]                     0.99           1.00          -0.01  (VIOLATED)
   rdata[1]                     0.99           1.00          -0.01  (VIOLATED)
   rdata[2]                     0.99           1.00          -0.01  (VIOLATED)
   rdata[3]                     0.99           1.00          -0.01  (VIOLATED)
   rdata[4]                     0.99           1.00          -0.01  (VIOLATED)
   rdata[5]                     0.99           1.00          -0.01  (VIOLATED)
   rdata[6]                     0.99           1.00          -0.01  (VIOLATED)
   rdata[7]                     0.99           1.00          -0.01  (VIOLATED)
   rdata[8]                     0.99           1.00          -0.01  (VIOLATED)
   rdata[9]                     0.99           1.00          -0.01  (VIOLATED)
   rdata[10]                    0.99           1.00          -0.01  (VIOLATED)
   rdata[11]                    0.99           1.00          -0.01  (VIOLATED)
   rdata[12]                    0.99           1.00          -0.01  (VIOLATED)
   rdata[13]                    0.99           1.00          -0.01  (VIOLATED)
   rdata[14]                    0.99           1.00          -0.01  (VIOLATED)
   rdata[15]                    0.99           1.00          -0.01  (VIOLATED)
   rdata[16]                    0.99           1.00          -0.01  (VIOLATED)
   rdata[17]                    0.99           1.00          -0.01  (VIOLATED)
   rdata[18]                    0.99           1.00          -0.01  (VIOLATED)
   rdata[19]                    0.99           1.00          -0.01  (VIOLATED)
   rdata[20]                    0.99           1.00          -0.01  (VIOLATED)
   rdata[21]                    0.99           1.00          -0.01  (VIOLATED)
   rdata[22]                    0.99           1.00          -0.01  (VIOLATED)
   rdata[23]                    0.99           1.00          -0.01  (VIOLATED)
   rdata[24]                    0.99           1.00          -0.01  (VIOLATED)
   rdata[25]                    0.99           1.00          -0.01  (VIOLATED)
   rdata[26]                    0.99           1.00          -0.01  (VIOLATED)
   rdata[27]                    0.99           1.00          -0.01  (VIOLATED)
   rdata[28]                    0.99           1.00          -0.01  (VIOLATED)
   rdata[29]                    0.99           1.00          -0.01  (VIOLATED)
   rdata[30]                    0.99           1.00          -0.01  (VIOLATED)
   rdata[31]                    0.99           1.00          -0.01  (VIOLATED)
   rvalid                       0.99           1.00          -0.01  (VIOLATED)
   sm_tdata[0]                  0.99           1.00          -0.01  (VIOLATED)
   sm_tdata[1]                  0.99           1.00          -0.01  (VIOLATED)
   sm_tdata[2]                  0.99           1.00          -0.01  (VIOLATED)
   sm_tdata[3]                  0.99           1.00          -0.01  (VIOLATED)
   sm_tdata[4]                  0.99           1.00          -0.01  (VIOLATED)
   sm_tdata[5]                  0.99           1.00          -0.01  (VIOLATED)
   sm_tdata[6]                  0.99           1.00          -0.01  (VIOLATED)
   sm_tdata[7]                  0.99           1.00          -0.01  (VIOLATED)
   sm_tdata[8]                  0.99           1.00          -0.01  (VIOLATED)
   sm_tdata[9]                  0.99           1.00          -0.01  (VIOLATED)
   sm_tdata[10]                 0.99           1.00          -0.01  (VIOLATED)
   sm_tdata[11]                 0.99           1.00          -0.01  (VIOLATED)
   sm_tdata[12]                 0.99           1.00          -0.01  (VIOLATED)
   sm_tdata[13]                 0.99           1.00          -0.01  (VIOLATED)
   sm_tdata[14]                 0.99           1.00          -0.01  (VIOLATED)
   sm_tdata[15]                 0.99           1.00          -0.01  (VIOLATED)
   sm_tdata[16]                 0.99           1.00          -0.01  (VIOLATED)
   sm_tdata[17]                 0.99           1.00          -0.01  (VIOLATED)
   sm_tdata[18]                 0.99           1.00          -0.01  (VIOLATED)
   sm_tdata[19]                 0.99           1.00          -0.01  (VIOLATED)
   sm_tdata[20]                 0.99           1.00          -0.01  (VIOLATED)
   sm_tdata[21]                 0.99           1.00          -0.01  (VIOLATED)
   sm_tdata[22]                 0.99           1.00          -0.01  (VIOLATED)
   sm_tdata[23]                 0.99           1.00          -0.01  (VIOLATED)
   sm_tdata[24]                 0.99           1.00          -0.01  (VIOLATED)
   sm_tdata[25]                 0.99           1.00          -0.01  (VIOLATED)
   sm_tdata[26]                 0.99           1.00          -0.01  (VIOLATED)
   sm_tdata[27]                 0.99           1.00          -0.01  (VIOLATED)
   sm_tdata[28]                 0.99           1.00          -0.01  (VIOLATED)
   sm_tdata[29]                 0.99           1.00          -0.01  (VIOLATED)
   sm_tdata[30]                 0.99           1.00          -0.01  (VIOLATED)
   sm_tdata[31]                 0.99           1.00          -0.01  (VIOLATED)
   sm_tlast                     0.99           1.00          -0.01  (VIOLATED)
   sm_tvalid                    0.99           1.00          -0.01  (VIOLATED)
   ss_tready                    0.99           1.00          -0.01  (VIOLATED)
   tap_A[0]                     0.99           1.00          -0.01  (VIOLATED)
   tap_A[1]                     0.99           1.00          -0.01  (VIOLATED)
   tap_A[2]                     0.99           1.00          -0.01  (VIOLATED)
   tap_A[3]                     0.99           1.00          -0.01  (VIOLATED)
   tap_A[4]                     0.99           1.00          -0.01  (VIOLATED)
   tap_A[5]                     0.99           1.00          -0.01  (VIOLATED)
   tap_A[6]                     0.99           1.00          -0.01  (VIOLATED)
   tap_A[7]                     0.99           1.00          -0.01  (VIOLATED)
   tap_A[8]                     0.99           1.00          -0.01  (VIOLATED)
   tap_A[9]                     0.99           1.00          -0.01  (VIOLATED)
   tap_A[10]                    0.99           1.00          -0.01  (VIOLATED)
   tap_A[11]                    0.99           1.00          -0.01  (VIOLATED)
   tap_Di[0]                    0.99           1.00          -0.01  (VIOLATED)
   tap_Di[1]                    0.99           1.00          -0.01  (VIOLATED)
   tap_Di[2]                    0.99           1.00          -0.01  (VIOLATED)
   tap_Di[3]                    0.99           1.00          -0.01  (VIOLATED)
   tap_Di[4]                    0.99           1.00          -0.01  (VIOLATED)
   tap_Di[5]                    0.99           1.00          -0.01  (VIOLATED)
   tap_Di[6]                    0.99           1.00          -0.01  (VIOLATED)
   tap_Di[7]                    0.99           1.00          -0.01  (VIOLATED)
   tap_Di[8]                    0.99           1.00          -0.01  (VIOLATED)
   tap_Di[9]                    0.99           1.00          -0.01  (VIOLATED)
   tap_Di[10]                   0.99           1.00          -0.01  (VIOLATED)
   tap_Di[11]                   0.99           1.00          -0.01  (VIOLATED)
   tap_Di[12]                   0.99           1.00          -0.01  (VIOLATED)
   tap_Di[13]                   0.99           1.00          -0.01  (VIOLATED)
   tap_Di[14]                   0.99           1.00          -0.01  (VIOLATED)
   tap_Di[15]                   0.99           1.00          -0.01  (VIOLATED)
   tap_Di[16]                   0.99           1.00          -0.01  (VIOLATED)
   tap_Di[17]                   0.99           1.00          -0.01  (VIOLATED)
   tap_Di[18]                   0.99           1.00          -0.01  (VIOLATED)
   tap_Di[19]                   0.99           1.00          -0.01  (VIOLATED)
   tap_Di[20]                   0.99           1.00          -0.01  (VIOLATED)
   tap_Di[21]                   0.99           1.00          -0.01  (VIOLATED)
   tap_Di[22]                   0.99           1.00          -0.01  (VIOLATED)
   tap_Di[23]                   0.99           1.00          -0.01  (VIOLATED)
   tap_Di[24]                   0.99           1.00          -0.01  (VIOLATED)
   tap_Di[25]                   0.99           1.00          -0.01  (VIOLATED)
   tap_Di[26]                   0.99           1.00          -0.01  (VIOLATED)
   tap_Di[27]                   0.99           1.00          -0.01  (VIOLATED)
   tap_Di[28]                   0.99           1.00          -0.01  (VIOLATED)
   tap_Di[29]                   0.99           1.00          -0.01  (VIOLATED)
   tap_Di[30]                   0.99           1.00          -0.01  (VIOLATED)
   tap_Di[31]                   0.99           1.00          -0.01  (VIOLATED)
   tap_EN                       0.99           1.00          -0.01  (VIOLATED)
   tap_WE[0]                    0.99           1.00          -0.01  (VIOLATED)
   tap_WE[1]                    0.99           1.00          -0.01  (VIOLATED)
   tap_WE[2]                    0.99           1.00          -0.01  (VIOLATED)
   tap_WE[3]                    0.99           1.00          -0.01  (VIOLATED)
   wready                       0.99           1.00          -0.01  (VIOLATED)

   -----------------------------------------------------------------
   Total                      169                -2.44  

   max_leakage_power

                             Required        Actual
   Design                   Leakage Power  Leakage Power     Slack
   -----------------------------------------------------------------
   fir                          0.00       67895752.00    -67895752.00
                                                                    (VIOLATED)


1
