 
****************************************
Report : timing
        -path full
        -delay max
        -max_paths 5
Design : fir
Version: R-2020.09-SP5
Date   : Wed Mar 19 21:54:21 2025
****************************************

Operating Conditions: slow   Library: slow
Wire Load Model Mode: top

  Startpoint: x_reg[5] (rising edge-triggered flip-flop clocked by axis_clk)
  Endpoint: mul_reg[31]
            (rising edge-triggered flip-flop clocked by axis_clk)
  Path Group: axis_clk
  Path Type: max

  Point                                    Incr       Path
  -----------------------------------------------------------
  clock axis_clk (rise edge)               0.00       0.00
  clock network delay (ideal)              0.50       0.50
  x_reg[5]/CK (DFFRQXL)                    0.00       0.50 r
  x_reg[5]/Q (DFFRQXL)                     0.26       0.76 f
  U1883/Y (BUFX2)                          0.17       0.93 f
  U931/Y (XOR2XL)                          0.16       1.09 f
  U1957/Y (NOR2X2)                         0.35       1.44 r
  U2951/Y (NAND2XL)                        0.12       1.56 f
  U2952/Y (OAI21XL)                        0.07       1.63 r
  U1301/Y (XOR2XL)                         0.11       1.73 f
  U2961/CO (ADDHXL)                        0.12       1.86 f
  U2971/CO (ADDHXL)                        0.10       1.96 f
  U2977/CO (ADDHXL)                        0.11       2.07 f
  U2986/CO (ADDFXL)                        0.17       2.24 f
  U2999/S (ADDFXL)                         0.17       2.41 f
  U2990/Y (OR2X2)                          0.10       2.51 f
  U1353/Y (AOI21XL)                        0.11       2.62 r
  U1355/Y (OAI21XL)                        0.10       2.72 f
  U3004/Y (AOI21X1)                        0.09       2.82 r
  U3006/Y (OAI21X1)                        0.08       2.89 f
  U1360/Y (AOI21XL)                        0.12       3.02 r
  U3010/Y (OAI21X1)                        0.09       3.10 f
  U3012/Y (AOI21X1)                        0.09       3.20 r
  U3013/Y (OAI21X1)                        0.08       3.28 f
  U3015/Y (AOI21X1)                        0.09       3.37 r
  U3016/Y (OAI21X1)                        0.08       3.46 f
  U3018/Y (AOI21X1)                        0.09       3.55 r
  U3019/Y (OAI21X1)                        0.08       3.63 f
  U3020/Y (AOI21X1)                        0.09       3.72 r
  U3021/Y (OAI21X1)                        0.08       3.81 f
  U3022/Y (AOI21X1)                        0.09       3.90 r
  U3023/Y (OAI21X1)                        0.08       3.98 f
  U3024/Y (AOI21X1)                        0.09       4.08 r
  U3025/Y (OAI21X1)                        0.08       4.16 f
  U3026/Y (AOI21X1)                        0.09       4.25 r
  U1368/Y (OAI21XL)                        0.09       4.33 f
  U3095/CO (ADDFXL)                        0.19       4.52 f
  U3094/CO (ADDFXL)                        0.18       4.70 f
  U3093/CO (ADDFXL)                        0.18       4.88 f
  U3092/CO (ADDFXL)                        0.17       5.05 f
  U1473/Y (XOR2XL)                         0.07       5.13 r
  U1472/Y (NOR2BXL)                        0.10       5.22 r
  mul_reg[31]/D (DFFRQXL)                  0.00       5.22 r
  data arrival time                                   5.22

  clock axis_clk (rise edge)               5.00       5.00
  clock network delay (ideal)              0.50       5.50
  clock uncertainty                       -0.10       5.40
  mul_reg[31]/CK (DFFRQXL)                 0.00       5.40 r
  library setup time                      -0.16       5.24
  data required time                                  5.24
  -----------------------------------------------------------
  data required time                                  5.24
  data arrival time                                  -5.22
  -----------------------------------------------------------
  slack (MET)                                         0.02


  Startpoint: x_reg[5] (rising edge-triggered flip-flop clocked by axis_clk)
  Endpoint: mul_reg[30]
            (rising edge-triggered flip-flop clocked by axis_clk)
  Path Group: axis_clk
  Path Type: max

  Point                                    Incr       Path
  -----------------------------------------------------------
  clock axis_clk (rise edge)               0.00       0.00
  clock network delay (ideal)              0.50       0.50
  x_reg[5]/CK (DFFRQXL)                    0.00       0.50 r
  x_reg[5]/Q (DFFRQXL)                     0.26       0.76 f
  U1883/Y (BUFX2)                          0.17       0.93 f
  U931/Y (XOR2XL)                          0.16       1.09 f
  U1957/Y (NOR2X2)                         0.35       1.44 r
  U2951/Y (NAND2XL)                        0.12       1.56 f
  U2952/Y (OAI21XL)                        0.07       1.63 r
  U1301/Y (XOR2XL)                         0.11       1.73 f
  U2961/CO (ADDHXL)                        0.12       1.86 f
  U2971/CO (ADDHXL)                        0.10       1.96 f
  U2977/CO (ADDHXL)                        0.11       2.07 f
  U2986/CO (ADDFXL)                        0.17       2.24 f
  U2999/S (ADDFXL)                         0.17       2.41 f
  U2990/Y (OR2X2)                          0.10       2.51 f
  U1353/Y (AOI21XL)                        0.11       2.62 r
  U1355/Y (OAI21XL)                        0.10       2.72 f
  U3004/Y (AOI21X1)                        0.09       2.82 r
  U3006/Y (OAI21X1)                        0.08       2.89 f
  U1360/Y (AOI21XL)                        0.12       3.02 r
  U3010/Y (OAI21X1)                        0.09       3.10 f
  U3012/Y (AOI21X1)                        0.09       3.20 r
  U3013/Y (OAI21X1)                        0.08       3.28 f
  U3015/Y (AOI21X1)                        0.09       3.37 r
  U3016/Y (OAI21X1)                        0.08       3.46 f
  U3018/Y (AOI21X1)                        0.09       3.55 r
  U3019/Y (OAI21X1)                        0.08       3.63 f
  U3020/Y (AOI21X1)                        0.09       3.72 r
  U3021/Y (OAI21X1)                        0.08       3.81 f
  U3022/Y (AOI21X1)                        0.09       3.90 r
  U3023/Y (OAI21X1)                        0.08       3.98 f
  U3024/Y (AOI21X1)                        0.09       4.08 r
  U3025/Y (OAI21X1)                        0.08       4.16 f
  U3026/Y (AOI21X1)                        0.09       4.25 r
  U1368/Y (OAI21XL)                        0.09       4.33 f
  U3095/CO (ADDFXL)                        0.19       4.52 f
  U3094/CO (ADDFXL)                        0.18       4.70 f
  U3093/CO (ADDFXL)                        0.18       4.88 f
  U3092/S (ADDFXL)                         0.15       5.03 r
  U1469/Y (NOR2BXL)                        0.08       5.11 r
  mul_reg[30]/D (DFFRQXL)                  0.00       5.11 r
  data arrival time                                   5.11

  clock axis_clk (rise edge)               5.00       5.00
  clock network delay (ideal)              0.50       5.50
  clock uncertainty                       -0.10       5.40
  mul_reg[30]/CK (DFFRQXL)                 0.00       5.40 r
  library setup time                      -0.16       5.24
  data required time                                  5.24
  -----------------------------------------------------------
  data required time                                  5.24
  data arrival time                                  -5.11
  -----------------------------------------------------------
  slack (MET)                                         0.13


  Startpoint: mul_reg[1] (rising edge-triggered flip-flop clocked by axis_clk)
  Endpoint: y_reg[31] (rising edge-triggered flip-flop clocked by axis_clk)
  Path Group: axis_clk
  Path Type: max

  Point                                    Incr       Path
  -----------------------------------------------------------
  clock axis_clk (rise edge)               0.00       0.00
  clock network delay (ideal)              0.50       0.50
  mul_reg[1]/CK (DFFRQXL)                  0.00       0.50 r
  mul_reg[1]/Q (DFFRQXL)                   0.28       0.78 f
  U2687/Y (OR2XL)                          0.16       0.94 f
  U2691/Y (AOI21XL)                        0.11       1.05 r
  U1348/Y (OAI21XL)                        0.10       1.15 f
  U1109/Y (AOI21XL)                        0.12       1.27 r
  U1111/Y (OAI21XL)                        0.10       1.36 f
  U1351/Y (AOI21XL)                        0.12       1.48 r
  U1352/Y (OAI21XL)                        0.10       1.58 f
  U1116/Y (AOI21XL)                        0.12       1.70 r
  U1117/Y (OAI21XL)                        0.10       1.80 f
  U1357/Y (AOI21XL)                        0.12       1.92 r
  U1358/Y (OAI21XL)                        0.10       2.02 f
  U1121/Y (AOI21XL)                        0.12       2.14 r
  U1122/Y (OAI21XL)                        0.10       2.24 f
  U1362/Y (AOI21XL)                        0.12       2.36 r
  U1363/Y (OAI21XL)                        0.10       2.45 f
  U1128/Y (AOI21XL)                        0.12       2.57 r
  U1131/Y (OAI21XL)                        0.10       2.67 f
  U1365/Y (AOI21XL)                        0.12       2.79 r
  U1366/Y (OAI21XL)                        0.10       2.89 f
  U1137/Y (AOI21XL)                        0.12       3.01 r
  U1138/Y (OAI21XL)                        0.09       3.10 f
  U1367/Y (AO21XL)                         0.20       3.30 f
  U2840/CO (ADDFXL)                        0.18       3.48 f
  U2842/CO (ADDFXL)                        0.18       3.67 f
  U2876/CO (ADDFXL)                        0.18       3.85 f
  U2877/CO (ADDFXL)                        0.18       4.03 f
  U2883/CO (ADDFXL)                        0.18       4.21 f
  U2884/CO (ADDFXL)                        0.18       4.39 f
  U2885/CO (ADDFXL)                        0.18       4.57 f
  U2886/CO (ADDFXL)                        0.18       4.75 f
  U2887/CO (ADDFXL)                        0.17       4.93 f
  U1470/Y (XOR2XL)                         0.07       5.00 r
  U761/Y (AO22XL)                          0.11       5.10 r
  y_reg[31]/D (DFFRQXL)                    0.00       5.10 r
  data arrival time                                   5.10

  clock axis_clk (rise edge)               5.00       5.00
  clock network delay (ideal)              0.50       5.50
  clock uncertainty                       -0.10       5.40
  y_reg[31]/CK (DFFRQXL)                   0.00       5.40 r
  library setup time                      -0.15       5.25
  data required time                                  5.25
  -----------------------------------------------------------
  data required time                                  5.25
  data arrival time                                  -5.10
  -----------------------------------------------------------
  slack (MET)                                         0.15


  Startpoint: arvalid (input port clocked by axis_clk)
  Endpoint: rdata[1] (output port clocked by axis_clk)
  Path Group: axis_clk
  Path Type: max

  Point                                    Incr       Path
  -----------------------------------------------------------
  clock axis_clk (rise edge)               0.00       0.00
  clock network delay (ideal)              0.50       0.50
  input external delay                     1.00       1.50 r
  arvalid (in)                             0.00       1.50 r
  U801/Y (NAND2X1)                         0.26       1.77 f
  U750/Y (MX2X1)                           0.19       1.96 f
  U1698/Y (OR4X1)                          0.24       2.20 f
  U1701/Y (NOR2BX1)                        0.51       2.71 r
  U1312/Y (OAI31X1)                        0.23       2.94 f
  U2625/Y (AO21XL)                         0.21       3.15 f
  U757/Y (AOI211XL)                        0.57       3.72 r
  U2626/Y (INVX18)                         0.52       4.24 f
  rdata[1] (out)                           0.00       4.24 f
  data arrival time                                   4.24

  clock axis_clk (rise edge)               5.00       5.00
  clock network delay (ideal)              0.50       5.50
  clock uncertainty                       -0.10       5.40
  output external delay                   -1.00       4.40
  data required time                                  4.40
  -----------------------------------------------------------
  data required time                                  4.40
  data arrival time                                  -4.24
  -----------------------------------------------------------
  slack (MET)                                         0.16


  Startpoint: arvalid (input port clocked by axis_clk)
  Endpoint: rdata[0] (output port clocked by axis_clk)
  Path Group: axis_clk
  Path Type: max

  Point                                    Incr       Path
  -----------------------------------------------------------
  clock axis_clk (rise edge)               0.00       0.00
  clock network delay (ideal)              0.50       0.50
  input external delay                     1.00       1.50 r
  arvalid (in)                             0.00       1.50 r
  U801/Y (NAND2X1)                         0.26       1.77 f
  U750/Y (MX2X1)                           0.19       1.96 f
  U1698/Y (OR4X1)                          0.24       2.20 f
  U1701/Y (NOR2BX1)                        0.51       2.71 r
  U1312/Y (OAI31X1)                        0.23       2.94 f
  U2629/Y (AO21XL)                         0.21       3.15 f
  U759/Y (AOI211XL)                        0.57       3.72 r
  U2630/Y (INVX18)                         0.52       4.24 f
  rdata[0] (out)                           0.00       4.24 f
  data arrival time                                   4.24

  clock axis_clk (rise edge)               5.00       5.00
  clock network delay (ideal)              0.50       5.50
  clock uncertainty                       -0.10       5.40
  output external delay                   -1.00       4.40
  data required time                                  4.40
  -----------------------------------------------------------
  data required time                                  4.40
  data arrival time                                  -4.24
  -----------------------------------------------------------
  slack (MET)                                         0.16


1
