vcs -R +v2k -full64 tb.v ./bram32.v ../hdl/fir.v -debug_acc +nospecify
*** Using c compiler gcc instead of cc ...
                         Chronologic VCS (TM)
         Version N-2017.12_Full64 -- Wed Mar 19 23:10:47 2025
               Copyright (c) 1991-2017 by Synopsys Inc.
                         ALL RIGHTS RESERVED

This program is proprietary and confidential information of Synopsys Inc.
and may be used and disclosed only as authorized in a license agreement
controlling such use and disclosure.

The design hasn't changed and need not be recompiled. 
If you really want to, delete file simv.daidir/.vcs.timestamp and
run VCS again.

Chronologic VCS simulator copyright 1991-2017
Contains Synopsys proprietary information.
Compiler version N-2017.12_Full64; Runtime version N-2017.12_Full64;  Mar 19 23:10 2025
----Start the first dataset coefficient input(AXI-lite)----
----Start the first dataset input(AXI-Stream),(1delay cycle for input)----
OK: exp =         400, rdata =         400
OK: exp =          15, rdata =          15
 Check Coefficient ...
OK: exp =           9, rdata =           9
OK: exp =           7, rdata =           7
OK: exp =           9, rdata =           9
OK: exp =          10, rdata =          10
OK: exp =           2, rdata =           2
OK: exp =           9, rdata =           9
OK: exp =          -6, rdata =          -6
OK: exp =          -3, rdata =          -3
OK: exp =           9, rdata =           9
OK: exp =           1, rdata =           1
OK: exp =          -6, rdata =          -6
OK: exp =           3, rdata =           3
OK: exp =          -9, rdata =          -9
OK: exp =         -10, rdata =         -10
OK: exp =          -1, rdata =          -1
 Start first dataset FIR
[PASS] [Pattern          0] Golden answer:      252216, Your answer:      252216
[PASS] [Pattern          1] Golden answer:      -70331, Your answer:      -70331
[PASS] [Pattern          2] Golden answer:     -581857, Your answer:     -581857
[PASS] [Pattern          3] Golden answer:    -1312720, Your answer:    -1312720
[PASS] [Pattern          4] Golden answer:     -953358, Your answer:     -953358
[PASS] [Pattern          5] Golden answer:    -1376948, Your answer:    -1376948
[PASS] [Pattern          6] Golden answer:     -704650, Your answer:     -704650
[PASS] [Pattern          7] Golden answer:     -714166, Your answer:     -714166
[PASS] [Pattern          8] Golden answer:     -571757, Your answer:     -571757
[PASS] [Pattern          9] Golden answer:     1224069, Your answer:     1224069
[PASS] [Pattern         10] Golden answer:    -2470669, Your answer:    -2470669
[PASS] [Pattern         11] Golden answer:     -648271, Your answer:     -648271
[PASS] [Pattern         12] Golden answer:     -632287, Your answer:     -632287
[PASS] [Pattern         13] Golden answer:    -1240191, Your answer:    -1240191
[PASS] [Pattern         14] Golden answer:      523966, Your answer:      523966
[PASS] [Pattern         15] Golden answer:      236718, Your answer:      236718
[PASS] [Pattern         16] Golden answer:    -1413800, Your answer:    -1413800
[PASS] [Pattern         17] Golden answer:      747698, Your answer:      747698
[PASS] [Pattern         18] Golden answer:     -814558, Your answer:     -814558
[PASS] [Pattern         19] Golden answer:       54118, Your answer:       54118
[PASS] [Pattern         20] Golden answer:     2617546, Your answer:     2617546
[PASS] [Pattern         21] Golden answer:      619071, Your answer:      619071
[PASS] [Pattern         22] Golden answer:     1380217, Your answer:     1380217
[PASS] [Pattern         23] Golden answer:     2924851, Your answer:     2924851
[PASS] [Pattern         24] Golden answer:     1654407, Your answer:     1654407
[PASS] [Pattern         25] Golden answer:      847767, Your answer:      847767
[PASS] [Pattern         26] Golden answer:     2315441, Your answer:     2315441
[PASS] [Pattern         27] Golden answer:     1048207, Your answer:     1048207
[PASS] [Pattern         28] Golden answer:    -2128188, Your answer:    -2128188
[PASS] [Pattern         29] Golden answer:     -947037, Your answer:     -947037
[PASS] [Pattern         30] Golden answer:    -1313455, Your answer:    -1313455
[PASS] [Pattern         31] Golden answer:    -2432358, Your answer:    -2432358
[PASS] [Pattern         32] Golden answer:     -763060, Your answer:     -763060
[PASS] [Pattern         33] Golden answer:     -503918, Your answer:     -503918
[PASS] [Pattern         34] Golden answer:     -651701, Your answer:     -651701
[PASS] [Pattern         35] Golden answer:    -2669981, Your answer:    -2669981
[PASS] [Pattern         36] Golden answer:    -1712499, Your answer:    -1712499
[PASS] [Pattern         37] Golden answer:     1419713, Your answer:     1419713
[PASS] [Pattern         38] Golden answer:    -1863742, Your answer:    -1863742
[PASS] [Pattern         39] Golden answer:     1469453, Your answer:     1469453
[PASS] [Pattern         40] Golden answer:     3832140, Your answer:     3832140
[PASS] [Pattern         41] Golden answer:    -2152434, Your answer:    -2152434
[PASS] [Pattern         42] Golden answer:     1140214, Your answer:     1140214
[PASS] [Pattern         43] Golden answer:       69300, Your answer:       69300
[PASS] [Pattern         44] Golden answer:      110925, Your answer:      110925
[PASS] [Pattern         45] Golden answer:      557196, Your answer:      557196
[PASS] [Pattern         46] Golden answer:      147916, Your answer:      147916
[PASS] [Pattern         47] Golden answer:      576391, Your answer:      576391
[PASS] [Pattern         48] Golden answer:      231233, Your answer:      231233
[PASS] [Pattern         49] Golden answer:    -1168946, Your answer:    -1168946
[PASS] [Pattern         50] Golden answer:      182097, Your answer:      182097
[PASS] [Pattern         51] Golden answer:     -385992, Your answer:     -385992
[PASS] [Pattern         52] Golden answer:      713318, Your answer:      713318
[PASS] [Pattern         53] Golden answer:      354265, Your answer:      354265
[PASS] [Pattern         54] Golden answer:      123482, Your answer:      123482
[PASS] [Pattern         55] Golden answer:      379564, Your answer:      379564
[PASS] [Pattern         56] Golden answer:     -635445, Your answer:     -635445
[PASS] [Pattern         57] Golden answer:     2141560, Your answer:     2141560
[PASS] [Pattern         58] Golden answer:      233165, Your answer:      233165
[PASS] [Pattern         59] Golden answer:      -56170, Your answer:      -56170
[PASS] [Pattern         60] Golden answer:    -1950810, Your answer:    -1950810
[PASS] [Pattern         61] Golden answer:    -1197998, Your answer:    -1197998
[PASS] [Pattern         62] Golden answer:     -793869, Your answer:     -793869
[PASS] [Pattern         63] Golden answer:     -654350, Your answer:     -654350
[PASS] [Pattern         64] Golden answer:     -192104, Your answer:     -192104
[PASS] [Pattern         65] Golden answer:     1124871, Your answer:     1124871
[PASS] [Pattern         66] Golden answer:     -918936, Your answer:     -918936
[PASS] [Pattern         67] Golden answer:    -1349735, Your answer:    -1349735
[PASS] [Pattern         68] Golden answer:    -1013364, Your answer:    -1013364
[PASS] [Pattern         69] Golden answer:    -2702531, Your answer:    -2702531
[PASS] [Pattern         70] Golden answer:     -463576, Your answer:     -463576
[PASS] [Pattern         71] Golden answer:      175809, Your answer:      175809
[PASS] [Pattern         72] Golden answer:    -1940993, Your answer:    -1940993
[PASS] [Pattern         73] Golden answer:       48960, Your answer:       48960
[PASS] [Pattern         74] Golden answer:    -1054891, Your answer:    -1054891
[PASS] [Pattern         75] Golden answer:    -2224475, Your answer:    -2224475
[PASS] [Pattern         76] Golden answer:      194983, Your answer:      194983
[PASS] [Pattern         77] Golden answer:     2765555, Your answer:     2765555
[PASS] [Pattern         78] Golden answer:     -323529, Your answer:     -323529
[PASS] [Pattern         79] Golden answer:     1998421, Your answer:     1998421
[PASS] [Pattern         80] Golden answer:     2732894, Your answer:     2732894
[PASS] [Pattern         81] Golden answer:     1227905, Your answer:     1227905
[PASS] [Pattern         82] Golden answer:     2751043, Your answer:     2751043
[PASS] [Pattern         83] Golden answer:     1822192, Your answer:     1822192
[PASS] [Pattern         84] Golden answer:     -403080, Your answer:     -403080
[PASS] [Pattern         85] Golden answer:      201023, Your answer:      201023
[PASS] [Pattern         86] Golden answer:      635090, Your answer:      635090
[PASS] [Pattern         87] Golden answer:       27708, Your answer:       27708
[PASS] [Pattern         88] Golden answer:     1335283, Your answer:     1335283
[PASS] [Pattern         89] Golden answer:      494891, Your answer:      494891
[PASS] [Pattern         90] Golden answer:     1709626, Your answer:     1709626
[PASS] [Pattern         91] Golden answer:     1024041, Your answer:     1024041
[PASS] [Pattern         92] Golden answer:      863275, Your answer:      863275
[PASS] [Pattern         93] Golden answer:      919995, Your answer:      919995
[PASS] [Pattern         94] Golden answer:     1973963, Your answer:     1973963
[PASS] [Pattern         95] Golden answer:     1567106, Your answer:     1567106
[PASS] [Pattern         96] Golden answer:      224482, Your answer:      224482
[PASS] [Pattern         97] Golden answer:      801697, Your answer:      801697
[PASS] [Pattern         98] Golden answer:     -949410, Your answer:     -949410
[PASS] [Pattern         99] Golden answer:    -2064056, Your answer:    -2064056
[PASS] [Pattern        100] Golden answer:    -1306359, Your answer:    -1306359
[PASS] [Pattern        101] Golden answer:      379654, Your answer:      379654
[PASS] [Pattern        102] Golden answer:     -783079, Your answer:     -783079
[PASS] [Pattern        103] Golden answer:     1620701, Your answer:     1620701
[PASS] [Pattern        104] Golden answer:      467190, Your answer:      467190
[PASS] [Pattern        105] Golden answer:    -1419341, Your answer:    -1419341
[PASS] [Pattern        106] Golden answer:      975133, Your answer:      975133
[PASS] [Pattern        107] Golden answer:     1265330, Your answer:     1265330
[PASS] [Pattern        108] Golden answer:    -1794801, Your answer:    -1794801
[PASS] [Pattern        109] Golden answer:      500049, Your answer:      500049
[PASS] [Pattern        110] Golden answer:     1856126, Your answer:     1856126
[PASS] [Pattern        111] Golden answer:    -3882660, Your answer:    -3882660
[PASS] [Pattern        112] Golden answer:       17394, Your answer:       17394
[PASS] [Pattern        113] Golden answer:     1043935, Your answer:     1043935
[PASS] [Pattern        114] Golden answer:     -927472, Your answer:     -927472
[PASS] [Pattern        115] Golden answer:     2363074, Your answer:     2363074
[PASS] [Pattern        116] Golden answer:     2518922, Your answer:     2518922
[PASS] [Pattern        117] Golden answer:    -1012470, Your answer:    -1012470
[PASS] [Pattern        118] Golden answer:     1120212, Your answer:     1120212
[PASS] [Pattern        119] Golden answer:     -141013, Your answer:     -141013
[PASS] [Pattern        120] Golden answer:    -1593435, Your answer:    -1593435
[PASS] [Pattern        121] Golden answer:      988724, Your answer:      988724
[PASS] [Pattern        122] Golden answer:     -114937, Your answer:     -114937
[PASS] [Pattern        123] Golden answer:    -1075908, Your answer:    -1075908
[PASS] [Pattern        124] Golden answer:     -203331, Your answer:     -203331
[PASS] [Pattern        125] Golden answer:     -273346, Your answer:     -273346
[PASS] [Pattern        126] Golden answer:    -2521348, Your answer:    -2521348
[PASS] [Pattern        127] Golden answer:     -595454, Your answer:     -595454
[PASS] [Pattern        128] Golden answer:      888281, Your answer:      888281
[PASS] [Pattern        129] Golden answer:     2230049, Your answer:     2230049
[PASS] [Pattern        130] Golden answer:      503037, Your answer:      503037
[PASS] [Pattern        131] Golden answer:     2748147, Your answer:     2748147
[PASS] [Pattern        132] Golden answer:      146262, Your answer:      146262
[PASS] [Pattern        133] Golden answer:     -317477, Your answer:     -317477
[PASS] [Pattern        134] Golden answer:     -298505, Your answer:     -298505
[PASS] [Pattern        135] Golden answer:      185105, Your answer:      185105
[PASS] [Pattern        136] Golden answer:    -1730982, Your answer:    -1730982
[PASS] [Pattern        137] Golden answer:     1178549, Your answer:     1178549
[PASS] [Pattern        138] Golden answer:     1067764, Your answer:     1067764
[PASS] [Pattern        139] Golden answer:    -1215886, Your answer:    -1215886
[PASS] [Pattern        140] Golden answer:      200202, Your answer:      200202
[PASS] [Pattern        141] Golden answer:       46337, Your answer:       46337
[PASS] [Pattern        142] Golden answer:     1578514, Your answer:     1578514
[PASS] [Pattern        143] Golden answer:      863698, Your answer:      863698
[PASS] [Pattern        144] Golden answer:     3934017, Your answer:     3934017
[PASS] [Pattern        145] Golden answer:     1216040, Your answer:     1216040
[PASS] [Pattern        146] Golden answer:      248729, Your answer:      248729
[PASS] [Pattern        147] Golden answer:     -811178, Your answer:     -811178
[PASS] [Pattern        148] Golden answer:     1823803, Your answer:     1823803
[PASS] [Pattern        149] Golden answer:      728882, Your answer:      728882
[PASS] [Pattern        150] Golden answer:     1349753, Your answer:     1349753
[PASS] [Pattern        151] Golden answer:     2698239, Your answer:     2698239
[PASS] [Pattern        152] Golden answer:      343577, Your answer:      343577
[PASS] [Pattern        153] Golden answer:    -1128867, Your answer:    -1128867
[PASS] [Pattern        154] Golden answer:     -285918, Your answer:     -285918
[PASS] [Pattern        155] Golden answer:    -2377452, Your answer:    -2377452
[PASS] [Pattern        156] Golden answer:     -956431, Your answer:     -956431
[PASS] [Pattern        157] Golden answer:      427015, Your answer:      427015
[PASS] [Pattern        158] Golden answer:    -1014856, Your answer:    -1014856
[PASS] [Pattern        159] Golden answer:      848914, Your answer:      848914
[PASS] [Pattern        160] Golden answer:     -146228, Your answer:     -146228
[PASS] [Pattern        161] Golden answer:    -2764956, Your answer:    -2764956
[PASS] [Pattern        162] Golden answer:      208035, Your answer:      208035
[PASS] [Pattern        163] Golden answer:      491572, Your answer:      491572
[PASS] [Pattern        164] Golden answer:    -2309117, Your answer:    -2309117
[PASS] [Pattern        165] Golden answer:     2252416, Your answer:     2252416
[PASS] [Pattern        166] Golden answer:      550056, Your answer:      550056
[PASS] [Pattern        167] Golden answer:    -2629722, Your answer:    -2629722
[PASS] [Pattern        168] Golden answer:     1148140, Your answer:     1148140
[PASS] [Pattern        169] Golden answer:     -782535, Your answer:     -782535
[PASS] [Pattern        170] Golden answer:    -2030628, Your answer:    -2030628
[PASS] [Pattern        171] Golden answer:     3209074, Your answer:     3209074
[PASS] [Pattern        172] Golden answer:    -1749205, Your answer:    -1749205
[PASS] [Pattern        173] Golden answer:    -1019237, Your answer:    -1019237
[PASS] [Pattern        174] Golden answer:     2290063, Your answer:     2290063
[PASS] [Pattern        175] Golden answer:    -3821366, Your answer:    -3821366
[PASS] [Pattern        176] Golden answer:      613950, Your answer:      613950
[PASS] [Pattern        177] Golden answer:      841844, Your answer:      841844
[PASS] [Pattern        178] Golden answer:    -2674757, Your answer:    -2674757
[PASS] [Pattern        179] Golden answer:      839528, Your answer:      839528
[PASS] [Pattern        180] Golden answer:    -2379745, Your answer:    -2379745
[PASS] [Pattern        181] Golden answer:    -2280584, Your answer:    -2280584
[PASS] [Pattern        182] Golden answer:     -261896, Your answer:     -261896
[PASS] [Pattern        183] Golden answer:    -3215747, Your answer:    -3215747
[PASS] [Pattern        184] Golden answer:     -599885, Your answer:     -599885
[PASS] [Pattern        185] Golden answer:     -829366, Your answer:     -829366
[PASS] [Pattern        186] Golden answer:    -1577920, Your answer:    -1577920
[PASS] [Pattern        187] Golden answer:      468615, Your answer:      468615
[PASS] [Pattern        188] Golden answer:     -540696, Your answer:     -540696
[PASS] [Pattern        189] Golden answer:      348144, Your answer:      348144
[PASS] [Pattern        190] Golden answer:     2848461, Your answer:     2848461
[PASS] [Pattern        191] Golden answer:       31454, Your answer:       31454
[PASS] [Pattern        192] Golden answer:      816099, Your answer:      816099
[PASS] [Pattern        193] Golden answer:     1390752, Your answer:     1390752
[PASS] [Pattern        194] Golden answer:     1295960, Your answer:     1295960
[PASS] [Pattern        195] Golden answer:     2625065, Your answer:     2625065
[PASS] [Pattern        196] Golden answer:     -235108, Your answer:     -235108
[PASS] [Pattern        197] Golden answer:      693737, Your answer:      693737
[PASS] [Pattern        198] Golden answer:     -626095, Your answer:     -626095
[PASS] [Pattern        199] Golden answer:    -3276280, Your answer:    -3276280
[PASS] [Pattern        200] Golden answer:     -207205, Your answer:     -207205
[PASS] [Pattern        201] Golden answer:      694294, Your answer:      694294
[PASS] [Pattern        202] Golden answer:    -1957792, Your answer:    -1957792
[PASS] [Pattern        203] Golden answer:    -1164956, Your answer:    -1164956
[PASS] [Pattern        204] Golden answer:     -258369, Your answer:     -258369
[PASS] [Pattern        205] Golden answer:    -3716514, Your answer:    -3716514
[PASS] [Pattern        206] Golden answer:    -3837503, Your answer:    -3837503
[PASS] [Pattern        207] Golden answer:      452598, Your answer:      452598
[PASS] [Pattern        208] Golden answer:     1090496, Your answer:     1090496
[PASS] [Pattern        209] Golden answer:      985115, Your answer:      985115
[PASS] [Pattern        210] Golden answer:      903012, Your answer:      903012
[PASS] [Pattern        211] Golden answer:     1755949, Your answer:     1755949
[PASS] [Pattern        212] Golden answer:       65943, Your answer:       65943
[PASS] [Pattern        213] Golden answer:    -1319558, Your answer:    -1319558
[PASS] [Pattern        214] Golden answer:     2159611, Your answer:     2159611
[PASS] [Pattern        215] Golden answer:     3491142, Your answer:     3491142
[PASS] [Pattern        216] Golden answer:    -1016555, Your answer:    -1016555
[PASS] [Pattern        217] Golden answer:     2033964, Your answer:     2033964
[PASS] [Pattern        218] Golden answer:     1301036, Your answer:     1301036
[PASS] [Pattern        219] Golden answer:     -697058, Your answer:     -697058
[PASS] [Pattern        220] Golden answer:      618170, Your answer:      618170
[PASS] [Pattern        221] Golden answer:     -862232, Your answer:     -862232
[PASS] [Pattern        222] Golden answer:      300578, Your answer:      300578
[PASS] [Pattern        223] Golden answer:     -236844, Your answer:     -236844
[PASS] [Pattern        224] Golden answer:      257187, Your answer:      257187
[PASS] [Pattern        225] Golden answer:    -1083020, Your answer:    -1083020
[PASS] [Pattern        226] Golden answer:     1017296, Your answer:     1017296
[PASS] [Pattern        227] Golden answer:    -2010263, Your answer:    -2010263
[PASS] [Pattern        228] Golden answer:      480234, Your answer:      480234
[PASS] [Pattern        229] Golden answer:       99961, Your answer:       99961
[PASS] [Pattern        230] Golden answer:       42436, Your answer:       42436
[PASS] [Pattern        231] Golden answer:     -146943, Your answer:     -146943
[PASS] [Pattern        232] Golden answer:      516204, Your answer:      516204
[PASS] [Pattern        233] Golden answer:      821946, Your answer:      821946
[PASS] [Pattern        234] Golden answer:     -614855, Your answer:     -614855
[PASS] [Pattern        235] Golden answer:     -386464, Your answer:     -386464
[PASS] [Pattern        236] Golden answer:      728015, Your answer:      728015
[PASS] [Pattern        237] Golden answer:     -908121, Your answer:     -908121
[PASS] [Pattern        238] Golden answer:      190725, Your answer:      190725
[PASS] [Pattern        239] Golden answer:     2112235, Your answer:     2112235
[PASS] [Pattern        240] Golden answer:      983093, Your answer:      983093
[PASS] [Pattern        241] Golden answer:      353082, Your answer:      353082
[PASS] [Pattern        242] Golden answer:     1236872, Your answer:     1236872
[PASS] [Pattern        243] Golden answer:       70568, Your answer:       70568
[PASS] [Pattern        244] Golden answer:    -1590714, Your answer:    -1590714
[PASS] [Pattern        245] Golden answer:      682663, Your answer:      682663
[PASS] [Pattern        246] Golden answer:      328806, Your answer:      328806
[PASS] [Pattern        247] Golden answer:     -102610, Your answer:     -102610
[PASS] [Pattern        248] Golden answer:     -251400, Your answer:     -251400
[PASS] [Pattern        249] Golden answer:     -242732, Your answer:     -242732
[PASS] [Pattern        250] Golden answer:    -2361317, Your answer:    -2361317
[PASS] [Pattern        251] Golden answer:    -1488095, Your answer:    -1488095
[PASS] [Pattern        252] Golden answer:    -1333438, Your answer:    -1333438
[PASS] [Pattern        253] Golden answer:    -3990466, Your answer:    -3990466
[PASS] [Pattern        254] Golden answer:     -480581, Your answer:     -480581
[PASS] [Pattern        255] Golden answer:      602401, Your answer:      602401
[PASS] [Pattern        256] Golden answer:     -243909, Your answer:     -243909
[PASS] [Pattern        257] Golden answer:     2155490, Your answer:     2155490
[PASS] [Pattern        258] Golden answer:      743245, Your answer:      743245
[PASS] [Pattern        259] Golden answer:    -2648157, Your answer:    -2648157
[PASS] [Pattern        260] Golden answer:     -354215, Your answer:     -354215
[PASS] [Pattern        261] Golden answer:       87677, Your answer:       87677
[PASS] [Pattern        262] Golden answer:     -433484, Your answer:     -433484
[PASS] [Pattern        263] Golden answer:     1475571, Your answer:     1475571
[PASS] [Pattern        264] Golden answer:     2470103, Your answer:     2470103
[PASS] [Pattern        265] Golden answer:      -84387, Your answer:      -84387
[PASS] [Pattern        266] Golden answer:     1683055, Your answer:     1683055
[PASS] [Pattern        267] Golden answer:      155066, Your answer:      155066
[PASS] [Pattern        268] Golden answer:    -1452207, Your answer:    -1452207
[PASS] [Pattern        269] Golden answer:     1246812, Your answer:     1246812
[PASS] [Pattern        270] Golden answer:     1549019, Your answer:     1549019
[PASS] [Pattern        271] Golden answer:     1596072, Your answer:     1596072
[PASS] [Pattern        272] Golden answer:     3044588, Your answer:     3044588
[PASS] [Pattern        273] Golden answer:     1654675, Your answer:     1654675
[PASS] [Pattern        274] Golden answer:    -1287045, Your answer:    -1287045
[PASS] [Pattern        275] Golden answer:    -1139235, Your answer:    -1139235
[PASS] [Pattern        276] Golden answer:    -2483669, Your answer:    -2483669
[PASS] [Pattern        277] Golden answer:    -2374978, Your answer:    -2374978
[PASS] [Pattern        278] Golden answer:    -1699501, Your answer:    -1699501
[PASS] [Pattern        279] Golden answer:     -101601, Your answer:     -101601
[PASS] [Pattern        280] Golden answer:    -2539642, Your answer:    -2539642
[PASS] [Pattern        281] Golden answer:    -1411492, Your answer:    -1411492
[PASS] [Pattern        282] Golden answer:    -2183397, Your answer:    -2183397
[PASS] [Pattern        283] Golden answer:    -2983152, Your answer:    -2983152
[PASS] [Pattern        284] Golden answer:     -578633, Your answer:     -578633
[PASS] [Pattern        285] Golden answer:    -2311047, Your answer:    -2311047
[PASS] [Pattern        286] Golden answer:    -1552433, Your answer:    -1552433
[PASS] [Pattern        287] Golden answer:     1580318, Your answer:     1580318
[PASS] [Pattern        288] Golden answer:    -1556726, Your answer:    -1556726
[PASS] [Pattern        289] Golden answer:     -221378, Your answer:     -221378
[PASS] [Pattern        290] Golden answer:     2551058, Your answer:     2551058
[PASS] [Pattern        291] Golden answer:    -1289260, Your answer:    -1289260
[PASS] [Pattern        292] Golden answer:     -855134, Your answer:     -855134
[PASS] [Pattern        293] Golden answer:      912595, Your answer:      912595
[PASS] [Pattern        294] Golden answer:      519013, Your answer:      519013
[PASS] [Pattern        295] Golden answer:    -1057368, Your answer:    -1057368
[PASS] [Pattern        296] Golden answer:     -839704, Your answer:     -839704
[PASS] [Pattern        297] Golden answer:      558072, Your answer:      558072
[PASS] [Pattern        298] Golden answer:     -172964, Your answer:     -172964
[PASS] [Pattern        299] Golden answer:    -2899989, Your answer:    -2899989
[PASS] [Pattern        300] Golden answer:     -603310, Your answer:     -603310
[PASS] [Pattern        301] Golden answer:     -164162, Your answer:     -164162
[PASS] [Pattern        302] Golden answer:    -5005091, Your answer:    -5005091
[PASS] [Pattern        303] Golden answer:    -1434352, Your answer:    -1434352
[PASS] [Pattern        304] Golden answer:     -469574, Your answer:     -469574
[PASS] [Pattern        305] Golden answer:    -3188339, Your answer:    -3188339
[PASS] [Pattern        306] Golden answer:    -1185734, Your answer:    -1185734
[PASS] [Pattern        307] Golden answer:     -445665, Your answer:     -445665
[PASS] [Pattern        308] Golden answer:    -2960085, Your answer:    -2960085
[PASS] [Pattern        309] Golden answer:     -362222, Your answer:     -362222
[PASS] [Pattern        310] Golden answer:    -1030008, Your answer:    -1030008
[PASS] [Pattern        311] Golden answer:    -2685046, Your answer:    -2685046
[PASS] [Pattern        312] Golden answer:      804811, Your answer:      804811
[PASS] [Pattern        313] Golden answer:    -2692222, Your answer:    -2692222
[PASS] [Pattern        314] Golden answer:    -2626767, Your answer:    -2626767
[PASS] [Pattern        315] Golden answer:      422365, Your answer:      422365
[PASS] [Pattern        316] Golden answer:      125345, Your answer:      125345
[PASS] [Pattern        317] Golden answer:     -810663, Your answer:     -810663
[PASS] [Pattern        318] Golden answer:     2653542, Your answer:     2653542
[PASS] [Pattern        319] Golden answer:     1747870, Your answer:     1747870
[PASS] [Pattern        320] Golden answer:      -91979, Your answer:      -91979
[PASS] [Pattern        321] Golden answer:     3070416, Your answer:     3070416
[PASS] [Pattern        322] Golden answer:     1228773, Your answer:     1228773
[PASS] [Pattern        323] Golden answer:      923827, Your answer:      923827
[PASS] [Pattern        324] Golden answer:     1672425, Your answer:     1672425
[PASS] [Pattern        325] Golden answer:      747920, Your answer:      747920
[PASS] [Pattern        326] Golden answer:     2294111, Your answer:     2294111
[PASS] [Pattern        327] Golden answer:      152322, Your answer:      152322
[PASS] [Pattern        328] Golden answer:    -2137954, Your answer:    -2137954
[PASS] [Pattern        329] Golden answer:     -969256, Your answer:     -969256
[PASS] [Pattern        330] Golden answer:    -3676650, Your answer:    -3676650
[PASS] [Pattern        331] Golden answer:    -1740246, Your answer:    -1740246
[PASS] [Pattern        332] Golden answer:      -12405, Your answer:      -12405
[PASS] [Pattern        333] Golden answer:       29277, Your answer:       29277
[PASS] [Pattern        334] Golden answer:     1405470, Your answer:     1405470
[PASS] [Pattern        335] Golden answer:      345050, Your answer:      345050
[PASS] [Pattern        336] Golden answer:     -142778, Your answer:     -142778
[PASS] [Pattern        337] Golden answer:     1618436, Your answer:     1618436
[PASS] [Pattern        338] Golden answer:     -130938, Your answer:     -130938
[PASS] [Pattern        339] Golden answer:      197021, Your answer:      197021
[PASS] [Pattern        340] Golden answer:     2699446, Your answer:     2699446
[PASS] [Pattern        341] Golden answer:     3028945, Your answer:     3028945
[PASS] [Pattern        342] Golden answer:      829118, Your answer:      829118
[PASS] [Pattern        343] Golden answer:     -523462, Your answer:     -523462
[PASS] [Pattern        344] Golden answer:      114138, Your answer:      114138
[PASS] [Pattern        345] Golden answer:      295061, Your answer:      295061
[PASS] [Pattern        346] Golden answer:    -1719273, Your answer:    -1719273
[PASS] [Pattern        347] Golden answer:      417351, Your answer:      417351
[PASS] [Pattern        348] Golden answer:      838522, Your answer:      838522
[PASS] [Pattern        349] Golden answer:    -2721297, Your answer:    -2721297
[PASS] [Pattern        350] Golden answer:      -74024, Your answer:      -74024
[PASS] [Pattern        351] Golden answer:       -2623, Your answer:       -2623
[PASS] [Pattern        352] Golden answer:     -858982, Your answer:     -858982
[PASS] [Pattern        353] Golden answer:     1048028, Your answer:     1048028
[PASS] [Pattern        354] Golden answer:     2280462, Your answer:     2280462
[PASS] [Pattern        355] Golden answer:     1016875, Your answer:     1016875
[PASS] [Pattern        356] Golden answer:       20300, Your answer:       20300
[PASS] [Pattern        357] Golden answer:     -817422, Your answer:     -817422
[PASS] [Pattern        358] Golden answer:    -1373157, Your answer:    -1373157
[PASS] [Pattern        359] Golden answer:     -579108, Your answer:     -579108
[PASS] [Pattern        360] Golden answer:      924600, Your answer:      924600
[PASS] [Pattern        361] Golden answer:     1954338, Your answer:     1954338
[PASS] [Pattern        362] Golden answer:      912959, Your answer:      912959
[PASS] [Pattern        363] Golden answer:     2629546, Your answer:     2629546
[PASS] [Pattern        364] Golden answer:     -790365, Your answer:     -790365
[PASS] [Pattern        365] Golden answer:      814397, Your answer:      814397
[PASS] [Pattern        366] Golden answer:     2618755, Your answer:     2618755
[PASS] [Pattern        367] Golden answer:    -1037674, Your answer:    -1037674
[PASS] [Pattern        368] Golden answer:     1976716, Your answer:     1976716
[PASS] [Pattern        369] Golden answer:     1498761, Your answer:     1498761
[PASS] [Pattern        370] Golden answer:    -1775989, Your answer:    -1775989
[PASS] [Pattern        371] Golden answer:    -1071644, Your answer:    -1071644
[PASS] [Pattern        372] Golden answer:    -1655604, Your answer:    -1655604
[PASS] [Pattern        373] Golden answer:    -2360248, Your answer:    -2360248
[PASS] [Pattern        374] Golden answer:    -1186047, Your answer:    -1186047
[PASS] [Pattern        375] Golden answer:    -1452200, Your answer:    -1452200
[PASS] [Pattern        376] Golden answer:    -3558360, Your answer:    -3558360
[PASS] [Pattern        377] Golden answer:    -1682313, Your answer:    -1682313
[PASS] [Pattern        378] Golden answer:    -2509080, Your answer:    -2509080
[PASS] [Pattern        379] Golden answer:      168550, Your answer:      168550
[PASS] [Pattern        380] Golden answer:     -642758, Your answer:     -642758
[PASS] [Pattern        381] Golden answer:      341157, Your answer:      341157
[PASS] [Pattern        382] Golden answer:     1506854, Your answer:     1506854
[PASS] [Pattern        383] Golden answer:      899192, Your answer:      899192
[PASS] [Pattern        384] Golden answer:      760812, Your answer:      760812
[PASS] [Pattern        385] Golden answer:     1672197, Your answer:     1672197
[PASS] [Pattern        386] Golden answer:       65328, Your answer:       65328
[PASS] [Pattern        387] Golden answer:     1468393, Your answer:     1468393
[PASS] [Pattern        388] Golden answer:     -325076, Your answer:     -325076
[PASS] [Pattern        389] Golden answer:    -1912723, Your answer:    -1912723
[PASS] [Pattern        390] Golden answer:     -833890, Your answer:     -833890
[PASS] [Pattern        391] Golden answer:        7583, Your answer:        7583
[PASS] [Pattern        392] Golden answer:     -223213, Your answer:     -223213
[PASS] [Pattern        393] Golden answer:     1670664, Your answer:     1670664
[PASS] [Pattern        394] Golden answer:     -443391, Your answer:     -443391
[PASS] [Pattern        395] Golden answer:      -48488, Your answer:      -48488
[PASS] [Pattern        396] Golden answer:    -2735935, Your answer:    -2735935
[PASS] [Pattern        397] Golden answer:    -2830597, Your answer:    -2830597
[PASS] [Pattern        398] Golden answer:      744381, Your answer:      744381
-----End the first dataset input(AXI-Stream)-----
-----Start the second dataset input(AXI-Stream),(20 delay cycle for input)----
[PASS] [Pattern        399] Golden answer:     -129591, Your answer:     -129591
-----------get ap_done------------
-----------check ap_done clear------------
OK: exp =           0, rdata =           4
----END the first dataset fir ----
----Start the second ap_start ----
----invalid write data_len ----
----valid read data_len, the gold read should same as above valid setting.  ----
OK: exp =         400, rdata =         400
----invalid read coef, don't check the answer.  ----
OK: exp =          -1, rdata =          -1
[PASS] [Pattern          0] Golden answer:      252315, Your answer:      252315
[PASS] [Pattern          1] Golden answer:     -462033, Your answer:     -462033
[PASS] [Pattern          2] Golden answer:     -346979, Your answer:     -346979
[PASS] [Pattern          3] Golden answer:       39128, Your answer:       39128
[PASS] [Pattern          4] Golden answer:      155348, Your answer:      155348
[PASS] [Pattern          5] Golden answer:     1641034, Your answer:     1641034
[PASS] [Pattern          6] Golden answer:      550830, Your answer:      550830
[PASS] [Pattern          7] Golden answer:      736072, Your answer:      736072
[PASS] [Pattern          8] Golden answer:     1487509, Your answer:     1487509
[PASS] [Pattern          9] Golden answer:     -602419, Your answer:     -602419
[PASS] [Pattern         10] Golden answer:     -959284, Your answer:     -959284
[PASS] [Pattern         11] Golden answer:      659428, Your answer:      659428
[PASS] [Pattern         12] Golden answer:    -1004844, Your answer:    -1004844
[PASS] [Pattern         13] Golden answer:      522491, Your answer:      522491
[PASS] [Pattern         14] Golden answer:     -318147, Your answer:     -318147
[PASS] [Pattern         15] Golden answer:    -3993474, Your answer:    -3993474
[PASS] [Pattern         16] Golden answer:    -1614332, Your answer:    -1614332
[PASS] [Pattern         17] Golden answer:    -2403026, Your answer:    -2403026
[PASS] [Pattern         18] Golden answer:    -2585660, Your answer:    -2585660
[PASS] [Pattern         19] Golden answer:      780104, Your answer:      780104
[PASS] [Pattern         20] Golden answer:      808702, Your answer:      808702
[PASS] [Pattern         21] Golden answer:    -1529966, Your answer:    -1529966
[PASS] [Pattern         22] Golden answer:       40481, Your answer:       40481
[PASS] [Pattern         23] Golden answer:     1816319, Your answer:     1816319
[PASS] [Pattern         24] Golden answer:     -823835, Your answer:     -823835
[PASS] [Pattern         25] Golden answer:     1021199, Your answer:     1021199
[PASS] [Pattern         26] Golden answer:     3355396, Your answer:     3355396
[PASS] [Pattern         27] Golden answer:     -678175, Your answer:     -678175
[PASS] [Pattern         28] Golden answer:     1395715, Your answer:     1395715
[PASS] [Pattern         29] Golden answer:     1475187, Your answer:     1475187
[PASS] [Pattern         30] Golden answer:     -149053, Your answer:     -149053
[PASS] [Pattern         31] Golden answer:     1248057, Your answer:     1248057
[PASS] [Pattern         32] Golden answer:     2189764, Your answer:     2189764
[PASS] [Pattern         33] Golden answer:      112671, Your answer:      112671
[PASS] [Pattern         34] Golden answer:     2675395, Your answer:     2675395
[PASS] [Pattern         35] Golden answer:     1021762, Your answer:     1021762
[PASS] [Pattern         36] Golden answer:     -363929, Your answer:     -363929
[PASS] [Pattern         37] Golden answer:    -1177410, Your answer:    -1177410
[PASS] [Pattern         38] Golden answer:     1184977, Your answer:     1184977
[PASS] [Pattern         39] Golden answer:     -312366, Your answer:     -312366
[PASS] [Pattern         40] Golden answer:    -1704485, Your answer:    -1704485
[PASS] [Pattern         41] Golden answer:     2550328, Your answer:     2550328
[PASS] [Pattern         42] Golden answer:     -129463, Your answer:     -129463
[PASS] [Pattern         43] Golden answer:    -2101053, Your answer:    -2101053
[PASS] [Pattern         44] Golden answer:     1509078, Your answer:     1509078
[PASS] [Pattern         45] Golden answer:     -292720, Your answer:     -292720
[PASS] [Pattern         46] Golden answer:     -934143, Your answer:     -934143
[PASS] [Pattern         47] Golden answer:      443867, Your answer:      443867
[PASS] [Pattern         48] Golden answer:     -415637, Your answer:     -415637
[PASS] [Pattern         49] Golden answer:     -783709, Your answer:     -783709
[PASS] [Pattern         50] Golden answer:      243586, Your answer:      243586
[PASS] [Pattern         51] Golden answer:    -2336299, Your answer:    -2336299
[PASS] [Pattern         52] Golden answer:     -206631, Your answer:     -206631
[PASS] [Pattern         53] Golden answer:      534592, Your answer:      534592
[PASS] [Pattern         54] Golden answer:    -1846976, Your answer:    -1846976
[PASS] [Pattern         55] Golden answer:    -1131662, Your answer:    -1131662
[PASS] [Pattern         56] Golden answer:    -1476843, Your answer:    -1476843
[PASS] [Pattern         57] Golden answer:    -2378881, Your answer:    -2378881
[PASS] [Pattern         58] Golden answer:     1083589, Your answer:     1083589
[PASS] [Pattern         59] Golden answer:     2291332, Your answer:     2291332
[PASS] [Pattern         60] Golden answer:     -179159, Your answer:     -179159
[PASS] [Pattern         61] Golden answer:      322725, Your answer:      322725
[PASS] [Pattern         62] Golden answer:      -96706, Your answer:      -96706
[PASS] [Pattern         63] Golden answer:    -2881394, Your answer:    -2881394
[PASS] [Pattern         64] Golden answer:     -657696, Your answer:     -657696
[PASS] [Pattern         65] Golden answer:      568093, Your answer:      568093
[PASS] [Pattern         66] Golden answer:      793246, Your answer:      793246
[PASS] [Pattern         67] Golden answer:     1202745, Your answer:     1202745
[PASS] [Pattern         68] Golden answer:     1857057, Your answer:     1857057
[PASS] [Pattern         69] Golden answer:      -39270, Your answer:      -39270
[PASS] [Pattern         70] Golden answer:     1387589, Your answer:     1387589
[PASS] [Pattern         71] Golden answer:     1485564, Your answer:     1485564
[PASS] [Pattern         72] Golden answer:     -617391, Your answer:     -617391
[PASS] [Pattern         73] Golden answer:       83092, Your answer:       83092
[PASS] [Pattern         74] Golden answer:      -45025, Your answer:      -45025
[PASS] [Pattern         75] Golden answer:       21284, Your answer:       21284
[PASS] [Pattern         76] Golden answer:      -76730, Your answer:      -76730
[PASS] [Pattern         77] Golden answer:      347011, Your answer:      347011
[PASS] [Pattern         78] Golden answer:     1080265, Your answer:     1080265
[PASS] [Pattern         79] Golden answer:    -2093984, Your answer:    -2093984
[PASS] [Pattern         80] Golden answer:    -1243610, Your answer:    -1243610
[PASS] [Pattern         81] Golden answer:     -996760, Your answer:     -996760
[PASS] [Pattern         82] Golden answer:     -668483, Your answer:     -668483
[PASS] [Pattern         83] Golden answer:     -611699, Your answer:     -611699
[PASS] [Pattern         84] Golden answer:       95000, Your answer:       95000
[PASS] [Pattern         85] Golden answer:     -719345, Your answer:     -719345
[PASS] [Pattern         86] Golden answer:     1537150, Your answer:     1537150
[PASS] [Pattern         87] Golden answer:    -2354742, Your answer:    -2354742
[PASS] [Pattern         88] Golden answer:    -3271977, Your answer:    -3271977
[PASS] [Pattern         89] Golden answer:     -338673, Your answer:     -338673
[PASS] [Pattern         90] Golden answer:    -2256769, Your answer:    -2256769
[PASS] [Pattern         91] Golden answer:     -332223, Your answer:     -332223
[PASS] [Pattern         92] Golden answer:     2715537, Your answer:     2715537
[PASS] [Pattern         93] Golden answer:      892646, Your answer:      892646
[PASS] [Pattern         94] Golden answer:     1698662, Your answer:     1698662
[PASS] [Pattern         95] Golden answer:     2519587, Your answer:     2519587
[PASS] [Pattern         96] Golden answer:     1862634, Your answer:     1862634
[PASS] [Pattern         97] Golden answer:     1280910, Your answer:     1280910
[PASS] [Pattern         98] Golden answer:     1587330, Your answer:     1587330
[PASS] [Pattern         99] Golden answer:     2003785, Your answer:     2003785
[PASS] [Pattern        100] Golden answer:      561662, Your answer:      561662
[PASS] [Pattern        101] Golden answer:     2254363, Your answer:     2254363
[PASS] [Pattern        102] Golden answer:     1023574, Your answer:     1023574
[PASS] [Pattern        103] Golden answer:    -2644957, Your answer:    -2644957
[PASS] [Pattern        104] Golden answer:    -1619956, Your answer:    -1619956
[PASS] [Pattern        105] Golden answer:       41773, Your answer:       41773
[PASS] [Pattern        106] Golden answer:    -3197863, Your answer:    -3197863
[PASS] [Pattern        107] Golden answer:     -867838, Your answer:     -867838
[PASS] [Pattern        108] Golden answer:     1470307, Your answer:     1470307
[PASS] [Pattern        109] Golden answer:    -3112633, Your answer:    -3112633
[PASS] [Pattern        110] Golden answer:    -2458326, Your answer:    -2458326
[PASS] [Pattern        111] Golden answer:      262117, Your answer:      262117
[PASS] [Pattern        112] Golden answer:    -2680657, Your answer:    -2680657
[PASS] [Pattern        113] Golden answer:    -1200538, Your answer:    -1200538
[PASS] [Pattern        114] Golden answer:      912036, Your answer:      912036
[PASS] [Pattern        115] Golden answer:     -801629, Your answer:     -801629
[PASS] [Pattern        116] Golden answer:    -1142503, Your answer:    -1142503
[PASS] [Pattern        117] Golden answer:    -1730620, Your answer:    -1730620
[PASS] [Pattern        118] Golden answer:    -2164613, Your answer:    -2164613
[PASS] [Pattern        119] Golden answer:     -503153, Your answer:     -503153
[PASS] [Pattern        120] Golden answer:     1511601, Your answer:     1511601
[PASS] [Pattern        121] Golden answer:    -1555800, Your answer:    -1555800
[PASS] [Pattern        122] Golden answer:     -301045, Your answer:     -301045
[PASS] [Pattern        123] Golden answer:      811444, Your answer:      811444
[PASS] [Pattern        124] Golden answer:     -592636, Your answer:     -592636
[PASS] [Pattern        125] Golden answer:      661017, Your answer:      661017
[PASS] [Pattern        126] Golden answer:     2899567, Your answer:     2899567
[PASS] [Pattern        127] Golden answer:     1891670, Your answer:     1891670
[PASS] [Pattern        128] Golden answer:      -22058, Your answer:      -22058
[PASS] [Pattern        129] Golden answer:     2632021, Your answer:     2632021
[PASS] [Pattern        130] Golden answer:      742651, Your answer:      742651
[PASS] [Pattern        131] Golden answer:      167711, Your answer:      167711
[PASS] [Pattern        132] Golden answer:     -158690, Your answer:     -158690
[PASS] [Pattern        133] Golden answer:      872527, Your answer:      872527
[PASS] [Pattern        134] Golden answer:     -792810, Your answer:     -792810
[PASS] [Pattern        135] Golden answer:    -2073342, Your answer:    -2073342
[PASS] [Pattern        136] Golden answer:       12347, Your answer:       12347
[PASS] [Pattern        137] Golden answer:    -1755545, Your answer:    -1755545
[PASS] [Pattern        138] Golden answer:    -1783074, Your answer:    -1783074
[PASS] [Pattern        139] Golden answer:     -545021, Your answer:     -545021
[PASS] [Pattern        140] Golden answer:     1435449, Your answer:     1435449
[PASS] [Pattern        141] Golden answer:    -1238646, Your answer:    -1238646
[PASS] [Pattern        142] Golden answer:    -1488888, Your answer:    -1488888
[PASS] [Pattern        143] Golden answer:     1304247, Your answer:     1304247
[PASS] [Pattern        144] Golden answer:      846812, Your answer:      846812
[PASS] [Pattern        145] Golden answer:     -664423, Your answer:     -664423
[PASS] [Pattern        146] Golden answer:     2840640, Your answer:     2840640
[PASS] [Pattern        147] Golden answer:     1898731, Your answer:     1898731
[PASS] [Pattern        148] Golden answer:      253615, Your answer:      253615
[PASS] [Pattern        149] Golden answer:     3669404, Your answer:     3669404
[PASS] [Pattern        150] Golden answer:     2641287, Your answer:     2641287
[PASS] [Pattern        151] Golden answer:     -293009, Your answer:     -293009
[PASS] [Pattern        152] Golden answer:     2875728, Your answer:     2875728
[PASS] [Pattern        153] Golden answer:     -177300, Your answer:     -177300
[PASS] [Pattern        154] Golden answer:     -487988, Your answer:     -487988
[PASS] [Pattern        155] Golden answer:      528768, Your answer:      528768
[PASS] [Pattern        156] Golden answer:     -372721, Your answer:     -372721
[PASS] [Pattern        157] Golden answer:    -1368792, Your answer:    -1368792
[PASS] [Pattern        158] Golden answer:     -506203, Your answer:     -506203
[PASS] [Pattern        159] Golden answer:       -1797, Your answer:       -1797
[PASS] [Pattern        160] Golden answer:    -2406772, Your answer:    -2406772
[PASS] [Pattern        161] Golden answer:    -1117224, Your answer:    -1117224
[PASS] [Pattern        162] Golden answer:    -1387563, Your answer:    -1387563
[PASS] [Pattern        163] Golden answer:     -202734, Your answer:     -202734
[PASS] [Pattern        164] Golden answer:      615616, Your answer:      615616
[PASS] [Pattern        165] Golden answer:     1944453, Your answer:     1944453
[PASS] [Pattern        166] Golden answer:     2403704, Your answer:     2403704
[PASS] [Pattern        167] Golden answer:      299484, Your answer:      299484
[PASS] [Pattern        168] Golden answer:     -408792, Your answer:     -408792
[PASS] [Pattern        169] Golden answer:      221895, Your answer:      221895
[PASS] [Pattern        170] Golden answer:     2295765, Your answer:     2295765
[PASS] [Pattern        171] Golden answer:     1237076, Your answer:     1237076
[PASS] [Pattern        172] Golden answer:     -318047, Your answer:     -318047
[PASS] [Pattern        173] Golden answer:     1257306, Your answer:     1257306
[PASS] [Pattern        174] Golden answer:      225767, Your answer:      225767
[PASS] [Pattern        175] Golden answer:    -1352182, Your answer:    -1352182
[PASS] [Pattern        176] Golden answer:     1761647, Your answer:     1761647
[PASS] [Pattern        177] Golden answer:     2742580, Your answer:     2742580
[PASS] [Pattern        178] Golden answer:       15609, Your answer:       15609
[PASS] [Pattern        179] Golden answer:     2081133, Your answer:     2081133
[PASS] [Pattern        180] Golden answer:      607736, Your answer:      607736
[PASS] [Pattern        181] Golden answer:       85133, Your answer:       85133
[PASS] [Pattern        182] Golden answer:     2129758, Your answer:     2129758
[PASS] [Pattern        183] Golden answer:     -630554, Your answer:     -630554
[PASS] [Pattern        184] Golden answer:     1951364, Your answer:     1951364
[PASS] [Pattern        185] Golden answer:     1827026, Your answer:     1827026
[PASS] [Pattern        186] Golden answer:    -3934463, Your answer:    -3934463
[PASS] [Pattern        187] Golden answer:      353853, Your answer:      353853
[PASS] [Pattern        188] Golden answer:     -363732, Your answer:     -363732
[PASS] [Pattern        189] Golden answer:    -2461793, Your answer:    -2461793
[PASS] [Pattern        190] Golden answer:     1176859, Your answer:     1176859
[PASS] [Pattern        191] Golden answer:      965404, Your answer:      965404
[PASS] [Pattern        192] Golden answer:     -137221, Your answer:     -137221
[PASS] [Pattern        193] Golden answer:      310876, Your answer:      310876
[PASS] [Pattern        194] Golden answer:      612862, Your answer:      612862
[PASS] [Pattern        195] Golden answer:     3282214, Your answer:     3282214
[PASS] [Pattern        196] Golden answer:     2249032, Your answer:     2249032
[PASS] [Pattern        197] Golden answer:     1267414, Your answer:     1267414
[PASS] [Pattern        198] Golden answer:     3126101, Your answer:     3126101
[PASS] [Pattern        199] Golden answer:     1156506, Your answer:     1156506
[PASS] [Pattern        200] Golden answer:     -928439, Your answer:     -928439
[PASS] [Pattern        201] Golden answer:     1908321, Your answer:     1908321
[PASS] [Pattern        202] Golden answer:    -1221881, Your answer:    -1221881
[PASS] [Pattern        203] Golden answer:     -497724, Your answer:     -497724
[PASS] [Pattern        204] Golden answer:    -1445725, Your answer:    -1445725
[PASS] [Pattern        205] Golden answer:    -3735084, Your answer:    -3735084
[PASS] [Pattern        206] Golden answer:    -2586333, Your answer:    -2586333
[PASS] [Pattern        207] Golden answer:      304084, Your answer:      304084
[PASS] [Pattern        208] Golden answer:     -143481, Your answer:     -143481
[PASS] [Pattern        209] Golden answer:      103140, Your answer:      103140
[PASS] [Pattern        210] Golden answer:     2902165, Your answer:     2902165
[PASS] [Pattern        211] Golden answer:     -679433, Your answer:     -679433
[PASS] [Pattern        212] Golden answer:     -981176, Your answer:     -981176
[PASS] [Pattern        213] Golden answer:     2242550, Your answer:     2242550
[PASS] [Pattern        214] Golden answer:     1284561, Your answer:     1284561
[PASS] [Pattern        215] Golden answer:     1647422, Your answer:     1647422
[PASS] [Pattern        216] Golden answer:     2865625, Your answer:     2865625
[PASS] [Pattern        217] Golden answer:      107599, Your answer:      107599
[PASS] [Pattern        218] Golden answer:     -755416, Your answer:     -755416
[PASS] [Pattern        219] Golden answer:     -319215, Your answer:     -319215
[PASS] [Pattern        220] Golden answer:    -4029915, Your answer:    -4029915
[PASS] [Pattern        221] Golden answer:     -256838, Your answer:     -256838
[PASS] [Pattern        222] Golden answer:    -1044422, Your answer:    -1044422
[PASS] [Pattern        223] Golden answer:    -4112067, Your answer:    -4112067
[PASS] [Pattern        224] Golden answer:     -432452, Your answer:     -432452
[PASS] [Pattern        225] Golden answer:    -1822227, Your answer:    -1822227
[PASS] [Pattern        226] Golden answer:    -3905253, Your answer:    -3905253
[PASS] [Pattern        227] Golden answer:    -1887404, Your answer:    -1887404
[PASS] [Pattern        228] Golden answer:    -2825171, Your answer:    -2825171
[PASS] [Pattern        229] Golden answer:    -3274791, Your answer:    -3274791
[PASS] [Pattern        230] Golden answer:    -1936878, Your answer:    -1936878
[PASS] [Pattern        231] Golden answer:    -2211367, Your answer:    -2211367
[PASS] [Pattern        232] Golden answer:    -1430393, Your answer:    -1430393
[PASS] [Pattern        233] Golden answer:     -725196, Your answer:     -725196
[PASS] [Pattern        234] Golden answer:      191389, Your answer:      191389
[PASS] [Pattern        235] Golden answer:     2252596, Your answer:     2252596
[PASS] [Pattern        236] Golden answer:     -886695, Your answer:     -886695
[PASS] [Pattern        237] Golden answer:     2493215, Your answer:     2493215
[PASS] [Pattern        238] Golden answer:     1130994, Your answer:     1130994
[PASS] [Pattern        239] Golden answer:     1515036, Your answer:     1515036
[PASS] [Pattern        240] Golden answer:     2991549, Your answer:     2991549
[PASS] [Pattern        241] Golden answer:     1123422, Your answer:     1123422
[PASS] [Pattern        242] Golden answer:      422830, Your answer:      422830
[PASS] [Pattern        243] Golden answer:     -378073, Your answer:     -378073
[PASS] [Pattern        244] Golden answer:    -2758012, Your answer:    -2758012
[PASS] [Pattern        245] Golden answer:    -3263171, Your answer:    -3263171
[PASS] [Pattern        246] Golden answer:      166407, Your answer:      166407
[PASS] [Pattern        247] Golden answer:      163486, Your answer:      163486
[PASS] [Pattern        248] Golden answer:     -573377, Your answer:     -573377
[PASS] [Pattern        249] Golden answer:      516898, Your answer:      516898
[PASS] [Pattern        250] Golden answer:     -370649, Your answer:     -370649
[PASS] [Pattern        251] Golden answer:    -2771454, Your answer:    -2771454
[PASS] [Pattern        252] Golden answer:      630689, Your answer:      630689
[PASS] [Pattern        253] Golden answer:      472179, Your answer:      472179
[PASS] [Pattern        254] Golden answer:    -1164467, Your answer:    -1164467
[PASS] [Pattern        255] Golden answer:     2726858, Your answer:     2726858
[PASS] [Pattern        256] Golden answer:     -660797, Your answer:     -660797
[PASS] [Pattern        257] Golden answer:    -1528639, Your answer:    -1528639
[PASS] [Pattern        258] Golden answer:      584298, Your answer:      584298
[PASS] [Pattern        259] Golden answer:     -202961, Your answer:     -202961
[PASS] [Pattern        260] Golden answer:      -16049, Your answer:      -16049
[PASS] [Pattern        261] Golden answer:     2331830, Your answer:     2331830
[PASS] [Pattern        262] Golden answer:     -174349, Your answer:     -174349
[PASS] [Pattern        263] Golden answer:     1712645, Your answer:     1712645
[PASS] [Pattern        264] Golden answer:     1142504, Your answer:     1142504
[PASS] [Pattern        265] Golden answer:      472119, Your answer:      472119
[PASS] [Pattern        266] Golden answer:     2224143, Your answer:     2224143
[PASS] [Pattern        267] Golden answer:      872721, Your answer:      872721
[PASS] [Pattern        268] Golden answer:      878389, Your answer:      878389
[PASS] [Pattern        269] Golden answer:     1542741, Your answer:     1542741
[PASS] [Pattern        270] Golden answer:    -2344237, Your answer:    -2344237
[PASS] [Pattern        271] Golden answer:     2432858, Your answer:     2432858
[PASS] [Pattern        272] Golden answer:     1834236, Your answer:     1834236
[PASS] [Pattern        273] Golden answer:     -297213, Your answer:     -297213
[PASS] [Pattern        274] Golden answer:     1836384, Your answer:     1836384
[PASS] [Pattern        275] Golden answer:     1196490, Your answer:     1196490
[PASS] [Pattern        276] Golden answer:      246202, Your answer:      246202
[PASS] [Pattern        277] Golden answer:     1707863, Your answer:     1707863
[PASS] [Pattern        278] Golden answer:     1605755, Your answer:     1605755
[PASS] [Pattern        279] Golden answer:     1684089, Your answer:     1684089
[PASS] [Pattern        280] Golden answer:     1146487, Your answer:     1146487
[PASS] [Pattern        281] Golden answer:    -1194950, Your answer:    -1194950
[PASS] [Pattern        282] Golden answer:    -1580453, Your answer:    -1580453
[PASS] [Pattern        283] Golden answer:    -1275838, Your answer:    -1275838
[PASS] [Pattern        284] Golden answer:    -1332069, Your answer:    -1332069
[PASS] [Pattern        285] Golden answer:    -2743863, Your answer:    -2743863
[PASS] [Pattern        286] Golden answer:     -810532, Your answer:     -810532
[PASS] [Pattern        287] Golden answer:    -2555234, Your answer:    -2555234
[PASS] [Pattern        288] Golden answer:    -4398174, Your answer:    -4398174
[PASS] [Pattern        289] Golden answer:     -668313, Your answer:     -668313
[PASS] [Pattern        290] Golden answer:    -3008526, Your answer:    -3008526
[PASS] [Pattern        291] Golden answer:    -2526521, Your answer:    -2526521
[PASS] [Pattern        292] Golden answer:     1254668, Your answer:     1254668
[PASS] [Pattern        293] Golden answer:    -2282072, Your answer:    -2282072
[PASS] [Pattern        294] Golden answer:    -1509001, Your answer:    -1509001
[PASS] [Pattern        295] Golden answer:      240855, Your answer:      240855
[PASS] [Pattern        296] Golden answer:    -1678445, Your answer:    -1678445
[PASS] [Pattern        297] Golden answer:      904915, Your answer:      904915
[PASS] [Pattern        298] Golden answer:     1392256, Your answer:     1392256
[PASS] [Pattern        299] Golden answer:     1550081, Your answer:     1550081
[PASS] [Pattern        300] Golden answer:     1664065, Your answer:     1664065
[PASS] [Pattern        301] Golden answer:    -1144113, Your answer:    -1144113
[PASS] [Pattern        302] Golden answer:     -402660, Your answer:     -402660
[PASS] [Pattern        303] Golden answer:    -1506555, Your answer:    -1506555
[PASS] [Pattern        304] Golden answer:     -956138, Your answer:     -956138
[PASS] [Pattern        305] Golden answer:    -1788733, Your answer:    -1788733
[PASS] [Pattern        306] Golden answer:     -774948, Your answer:     -774948
[PASS] [Pattern        307] Golden answer:    -1689459, Your answer:    -1689459
[PASS] [Pattern        308] Golden answer:    -2294513, Your answer:    -2294513
[PASS] [Pattern        309] Golden answer:    -1959668, Your answer:    -1959668
[PASS] [Pattern        310] Golden answer:     -357653, Your answer:     -357653
[PASS] [Pattern        311] Golden answer:    -1174710, Your answer:    -1174710
[PASS] [Pattern        312] Golden answer:     1742211, Your answer:     1742211
[PASS] [Pattern        313] Golden answer:     3631436, Your answer:     3631436
[PASS] [Pattern        314] Golden answer:     1887204, Your answer:     1887204
[PASS] [Pattern        315] Golden answer:     2708348, Your answer:     2708348
[PASS] [Pattern        316] Golden answer:     1421225, Your answer:     1421225
[PASS] [Pattern        317] Golden answer:       85267, Your answer:       85267
[PASS] [Pattern        318] Golden answer:     1861733, Your answer:     1861733
[PASS] [Pattern        319] Golden answer:     -221427, Your answer:     -221427
[PASS] [Pattern        320] Golden answer:      718512, Your answer:      718512
[PASS] [Pattern        321] Golden answer:     -542560, Your answer:     -542560
[PASS] [Pattern        322] Golden answer:    -1684446, Your answer:    -1684446
[PASS] [Pattern        323] Golden answer:    -1931360, Your answer:    -1931360
[PASS] [Pattern        324] Golden answer:     -719668, Your answer:     -719668
[PASS] [Pattern        325] Golden answer:    -2663772, Your answer:    -2663772
[PASS] [Pattern        326] Golden answer:      267286, Your answer:      267286
[PASS] [Pattern        327] Golden answer:     1712613, Your answer:     1712613
[PASS] [Pattern        328] Golden answer:    -2061346, Your answer:    -2061346
[PASS] [Pattern        329] Golden answer:      518461, Your answer:      518461
[PASS] [Pattern        330] Golden answer:      867188, Your answer:      867188
[PASS] [Pattern        331] Golden answer:     -624178, Your answer:     -624178
[PASS] [Pattern        332] Golden answer:      396128, Your answer:      396128
[PASS] [Pattern        333] Golden answer:     2717399, Your answer:     2717399
[PASS] [Pattern        334] Golden answer:      412987, Your answer:      412987
[PASS] [Pattern        335] Golden answer:     -409740, Your answer:     -409740
[PASS] [Pattern        336] Golden answer:     -483351, Your answer:     -483351
[PASS] [Pattern        337] Golden answer:      732366, Your answer:      732366
[PASS] [Pattern        338] Golden answer:     -310989, Your answer:     -310989
[PASS] [Pattern        339] Golden answer:     -298128, Your answer:     -298128
[PASS] [Pattern        340] Golden answer:     3048439, Your answer:     3048439
[PASS] [Pattern        341] Golden answer:     1562442, Your answer:     1562442
[PASS] [Pattern        342] Golden answer:     -111656, Your answer:     -111656
[PASS] [Pattern        343] Golden answer:     1747112, Your answer:     1747112
[PASS] [Pattern        344] Golden answer:      -81261, Your answer:      -81261
[PASS] [Pattern        345] Golden answer:      344793, Your answer:      344793
[PASS] [Pattern        346] Golden answer:     -289621, Your answer:     -289621
[PASS] [Pattern        347] Golden answer:     2410373, Your answer:     2410373
[PASS] [Pattern        348] Golden answer:     1867612, Your answer:     1867612
[PASS] [Pattern        349] Golden answer:    -1782006, Your answer:    -1782006
[PASS] [Pattern        350] Golden answer:      362579, Your answer:      362579
[PASS] [Pattern        351] Golden answer:     -893130, Your answer:     -893130
[PASS] [Pattern        352] Golden answer:    -1416729, Your answer:    -1416729
[PASS] [Pattern        353] Golden answer:      -54487, Your answer:      -54487
[PASS] [Pattern        354] Golden answer:      990550, Your answer:      990550
[PASS] [Pattern        355] Golden answer:    -1689475, Your answer:    -1689475
[PASS] [Pattern        356] Golden answer:      124566, Your answer:      124566
[PASS] [Pattern        357] Golden answer:    -1433765, Your answer:    -1433765
[PASS] [Pattern        358] Golden answer:    -1016618, Your answer:    -1016618
[PASS] [Pattern        359] Golden answer:    -1079718, Your answer:    -1079718
[PASS] [Pattern        360] Golden answer:    -1460965, Your answer:    -1460965
[PASS] [Pattern        361] Golden answer:      185725, Your answer:      185725
[PASS] [Pattern        362] Golden answer:     1930669, Your answer:     1930669
[PASS] [Pattern        363] Golden answer:    -1707710, Your answer:    -1707710
[PASS] [Pattern        364] Golden answer:      931119, Your answer:      931119
[PASS] [Pattern        365] Golden answer:       10544, Your answer:       10544
[PASS] [Pattern        366] Golden answer:    -1877435, Your answer:    -1877435
[PASS] [Pattern        367] Golden answer:     2003830, Your answer:     2003830
[PASS] [Pattern        368] Golden answer:     1182040, Your answer:     1182040
[PASS] [Pattern        369] Golden answer:       49973, Your answer:       49973
[PASS] [Pattern        370] Golden answer:     2869934, Your answer:     2869934
[PASS] [Pattern        371] Golden answer:     -488696, Your answer:     -488696
[PASS] [Pattern        372] Golden answer:    -2242988, Your answer:    -2242988
[PASS] [Pattern        373] Golden answer:     -933531, Your answer:     -933531
[PASS] [Pattern        374] Golden answer:    -1103574, Your answer:    -1103574
[PASS] [Pattern        375] Golden answer:    -1154334, Your answer:    -1154334
[PASS] [Pattern        376] Golden answer:      636536, Your answer:      636536
[PASS] [Pattern        377] Golden answer:      194319, Your answer:      194319
[PASS] [Pattern        378] Golden answer:    -1448953, Your answer:    -1448953
[PASS] [Pattern        379] Golden answer:    -2092410, Your answer:    -2092410
[PASS] [Pattern        380] Golden answer:    -1701293, Your answer:    -1701293
[PASS] [Pattern        381] Golden answer:      -27087, Your answer:      -27087
[PASS] [Pattern        382] Golden answer:     -540284, Your answer:     -540284
[PASS] [Pattern        383] Golden answer:     1239258, Your answer:     1239258
[PASS] [Pattern        384] Golden answer:     2012382, Your answer:     2012382
[PASS] [Pattern        385] Golden answer:      328862, Your answer:      328862
[PASS] [Pattern        386] Golden answer:    -1430818, Your answer:    -1430818
[PASS] [Pattern        387] Golden answer:      503888, Your answer:      503888
[PASS] [Pattern        388] Golden answer:       67246, Your answer:       67246
[PASS] [Pattern        389] Golden answer:     -992581, Your answer:     -992581
[PASS] [Pattern        390] Golden answer:      326999, Your answer:      326999
[PASS] [Pattern        391] Golden answer:     -778514, Your answer:     -778514
[PASS] [Pattern        392] Golden answer:     -343291, Your answer:     -343291
[PASS] [Pattern        393] Golden answer:    -2242432, Your answer:    -2242432
[PASS] [Pattern        394] Golden answer:     -970830, Your answer:     -970830
[PASS] [Pattern        395] Golden answer:      129771, Your answer:      129771
[PASS] [Pattern        396] Golden answer:     -782050, Your answer:     -782050
[PASS] [Pattern        397] Golden answer:     1337244, Your answer:     1337244
[PASS] [Pattern        398] Golden answer:     1682527, Your answer:     1682527
-----End the second dataset input(AXI-Stream)----
[PASS] [Pattern        399] Golden answer:      279292, Your answer:      279292
-----------get ap_done------------
-----------check ap_done clear------------
OK: exp =           0, rdata =           4
----Start the third dataset coefficient input(AXI-lite)----
-----Start the third dataset input(AXI-Stream),(0 delay cycle for input)----
----Start the third ap_start ----
[PASS] [Pattern           0] Golden answer:      699489, Your answer:      699489
[PASS] [Pattern           1] Golden answer:      158274, Your answer:      158274
[PASS] [Pattern           2] Golden answer:       22596, Your answer:       22596
[PASS] [Pattern           3] Golden answer:     1421687, Your answer:     1421687
[PASS] [Pattern           4] Golden answer:     1001013, Your answer:     1001013
[PASS] [Pattern           5] Golden answer:    -1372398, Your answer:    -1372398
[PASS] [Pattern           6] Golden answer:     1174715, Your answer:     1174715
[PASS] [Pattern           7] Golden answer:     1093355, Your answer:     1093355
[PASS] [Pattern           8] Golden answer:      583167, Your answer:      583167
[PASS] [Pattern           9] Golden answer:      489852, Your answer:      489852
[PASS] [Pattern          10] Golden answer:     2033616, Your answer:     2033616
[PASS] [Pattern          11] Golden answer:      744763, Your answer:      744763
[PASS] [Pattern          12] Golden answer:     1771642, Your answer:     1771642
[PASS] [Pattern          13] Golden answer:      221868, Your answer:      221868
[PASS] [Pattern          14] Golden answer:     -868147, Your answer:     -868147
[PASS] [Pattern          15] Golden answer:     -625491, Your answer:     -625491
[PASS] [Pattern          16] Golden answer:     2383684, Your answer:     2383684
[PASS] [Pattern          17] Golden answer:    -1170946, Your answer:    -1170946
[PASS] [Pattern          18] Golden answer:     -531149, Your answer:     -531149
[PASS] [Pattern          19] Golden answer:     2320318, Your answer:     2320318
[PASS] [Pattern          20] Golden answer:     1270222, Your answer:     1270222
[PASS] [Pattern          21] Golden answer:      205091, Your answer:      205091
[PASS] [Pattern          22] Golden answer:    -1692623, Your answer:    -1692623
[PASS] [Pattern          23] Golden answer:     1042058, Your answer:     1042058
[PASS] [Pattern          24] Golden answer:      494625, Your answer:      494625
[PASS] [Pattern          25] Golden answer:    -1728695, Your answer:    -1728695
[PASS] [Pattern          26] Golden answer:     -483495, Your answer:     -483495
[PASS] [Pattern          27] Golden answer:      254116, Your answer:      254116
[PASS] [Pattern          28] Golden answer:     1307429, Your answer:     1307429
[PASS] [Pattern          29] Golden answer:     -893396, Your answer:     -893396
[PASS] [Pattern          30] Golden answer:      341892, Your answer:      341892
[PASS] [Pattern          31] Golden answer:    -1671288, Your answer:    -1671288
[PASS] [Pattern          32] Golden answer:      -69581, Your answer:      -69581
[PASS] [Pattern          33] Golden answer:     1634305, Your answer:     1634305
[PASS] [Pattern          34] Golden answer:     -745939, Your answer:     -745939
[PASS] [Pattern          35] Golden answer:    -5100648, Your answer:    -5100648
[PASS] [Pattern          36] Golden answer:      567830, Your answer:      567830
[PASS] [Pattern          37] Golden answer:     -455091, Your answer:     -455091
[PASS] [Pattern          38] Golden answer:    -2990931, Your answer:    -2990931
[PASS] [Pattern          39] Golden answer:     -260613, Your answer:     -260613
[PASS] [Pattern          40] Golden answer:      475128, Your answer:      475128
[PASS] [Pattern          41] Golden answer:    -1470753, Your answer:    -1470753
[PASS] [Pattern          42] Golden answer:     -140515, Your answer:     -140515
[PASS] [Pattern          43] Golden answer:      936659, Your answer:      936659
[PASS] [Pattern          44] Golden answer:    -2273693, Your answer:    -2273693
[PASS] [Pattern          45] Golden answer:     1662465, Your answer:     1662465
[PASS] [Pattern          46] Golden answer:      212098, Your answer:      212098
[PASS] [Pattern          47] Golden answer:    -2325517, Your answer:    -2325517
[PASS] [Pattern          48] Golden answer:    -1636225, Your answer:    -1636225
[PASS] [Pattern          49] Golden answer:     2580236, Your answer:     2580236
[PASS] [Pattern          50] Golden answer:     -858275, Your answer:     -858275
[PASS] [Pattern          51] Golden answer:    -2098958, Your answer:    -2098958
[PASS] [Pattern          52] Golden answer:      122052, Your answer:      122052
[PASS] [Pattern          53] Golden answer:    -4251266, Your answer:    -4251266
[PASS] [Pattern          54] Golden answer:     -302944, Your answer:     -302944
[PASS] [Pattern          55] Golden answer:      229412, Your answer:      229412
[PASS] [Pattern          56] Golden answer:      -20073, Your answer:      -20073
[PASS] [Pattern          57] Golden answer:     1092245, Your answer:     1092245
[PASS] [Pattern          58] Golden answer:      981186, Your answer:      981186
[PASS] [Pattern          59] Golden answer:    -3766496, Your answer:    -3766496
[PASS] [Pattern          60] Golden answer:     -372154, Your answer:     -372154
[PASS] [Pattern          61] Golden answer:     1404966, Your answer:     1404966
[PASS] [Pattern          62] Golden answer:    -1622672, Your answer:    -1622672
[PASS] [Pattern          63] Golden answer:     -224612, Your answer:     -224612
[PASS] [Pattern          64] Golden answer:     -587906, Your answer:     -587906
[PASS] [Pattern          65] Golden answer:      906199, Your answer:      906199
[PASS] [Pattern          66] Golden answer:     1914974, Your answer:     1914974
[PASS] [Pattern          67] Golden answer:     1828832, Your answer:     1828832
[PASS] [Pattern          68] Golden answer:      806187, Your answer:      806187
[PASS] [Pattern          69] Golden answer:     -459318, Your answer:     -459318
[PASS] [Pattern          70] Golden answer:    -3526701, Your answer:    -3526701
[PASS] [Pattern          71] Golden answer:     -701451, Your answer:     -701451
[PASS] [Pattern          72] Golden answer:     2257716, Your answer:     2257716
[PASS] [Pattern          73] Golden answer:     -769222, Your answer:     -769222
[PASS] [Pattern          74] Golden answer:    -3644736, Your answer:    -3644736
[PASS] [Pattern          75] Golden answer:     -875442, Your answer:     -875442
[PASS] [Pattern          76] Golden answer:     3153965, Your answer:     3153965
[PASS] [Pattern          77] Golden answer:     -968141, Your answer:     -968141
[PASS] [Pattern          78] Golden answer:     -170291, Your answer:     -170291
[PASS] [Pattern          79] Golden answer:      210165, Your answer:      210165
[PASS] [Pattern          80] Golden answer:     -720899, Your answer:     -720899
[PASS] [Pattern          81] Golden answer:    -1111780, Your answer:    -1111780
[PASS] [Pattern          82] Golden answer:     2434058, Your answer:     2434058
[PASS] [Pattern          83] Golden answer:     1203687, Your answer:     1203687
[PASS] [Pattern          84] Golden answer:    -3045138, Your answer:    -3045138
[PASS] [Pattern          85] Golden answer:    -1274231, Your answer:    -1274231
[PASS] [Pattern          86] Golden answer:    -2187632, Your answer:    -2187632
[PASS] [Pattern          87] Golden answer:     -588040, Your answer:     -588040
[PASS] [Pattern          88] Golden answer:     2794837, Your answer:     2794837
[PASS] [Pattern          89] Golden answer:      293892, Your answer:      293892
[PASS] [Pattern          90] Golden answer:    -4419453, Your answer:    -4419453
[PASS] [Pattern          91] Golden answer:     -832359, Your answer:     -832359
[PASS] [Pattern          92] Golden answer:     3089852, Your answer:     3089852
[PASS] [Pattern          93] Golden answer:     1106199, Your answer:     1106199
[PASS] [Pattern          94] Golden answer:    -1538666, Your answer:    -1538666
[PASS] [Pattern          95] Golden answer:      916857, Your answer:      916857
[PASS] [Pattern          96] Golden answer:    -1452194, Your answer:    -1452194
[PASS] [Pattern          97] Golden answer:      -89729, Your answer:      -89729
[PASS] [Pattern          98] Golden answer:     2462234, Your answer:     2462234
[PASS] [Pattern          99] Golden answer:     2249515, Your answer:     2249515
[PASS] [Pattern         100] Golden answer:    -2900565, Your answer:    -2900565
[PASS] [Pattern         101] Golden answer:     -897067, Your answer:     -897067
[PASS] [Pattern         102] Golden answer:     1464772, Your answer:     1464772
[PASS] [Pattern         103] Golden answer:      997006, Your answer:      997006
[PASS] [Pattern         104] Golden answer:      645011, Your answer:      645011
[PASS] [Pattern         105] Golden answer:     1586609, Your answer:     1586609
[PASS] [Pattern         106] Golden answer:      527765, Your answer:      527765
[PASS] [Pattern         107] Golden answer:    -1771475, Your answer:    -1771475
[PASS] [Pattern         108] Golden answer:      744908, Your answer:      744908
[PASS] [Pattern         109] Golden answer:     4714417, Your answer:     4714417
[PASS] [Pattern         110] Golden answer:     -219009, Your answer:     -219009
[PASS] [Pattern         111] Golden answer:     2773440, Your answer:     2773440
[PASS] [Pattern         112] Golden answer:     3136703, Your answer:     3136703
[PASS] [Pattern         113] Golden answer:      262559, Your answer:      262559
[PASS] [Pattern         114] Golden answer:     1201256, Your answer:     1201256
[PASS] [Pattern         115] Golden answer:     2550387, Your answer:     2550387
[PASS] [Pattern         116] Golden answer:    -2180136, Your answer:    -2180136
[PASS] [Pattern         117] Golden answer:     1111709, Your answer:     1111709
[PASS] [Pattern         118] Golden answer:     2356341, Your answer:     2356341
[PASS] [Pattern         119] Golden answer:      206213, Your answer:      206213
[PASS] [Pattern         120] Golden answer:     -217145, Your answer:     -217145
[PASS] [Pattern         121] Golden answer:     1482928, Your answer:     1482928
[PASS] [Pattern         122] Golden answer:      668022, Your answer:      668022
[PASS] [Pattern         123] Golden answer:     -386196, Your answer:     -386196
[PASS] [Pattern         124] Golden answer:    -1953744, Your answer:    -1953744
[PASS] [Pattern         125] Golden answer:      151891, Your answer:      151891
[PASS] [Pattern         126] Golden answer:     1080570, Your answer:     1080570
[PASS] [Pattern         127] Golden answer:     -631803, Your answer:     -631803
[PASS] [Pattern         128] Golden answer:    -2425097, Your answer:    -2425097
[PASS] [Pattern         129] Golden answer:     2078779, Your answer:     2078779
[PASS] [Pattern         130] Golden answer:      159234, Your answer:      159234
[PASS] [Pattern         131] Golden answer:    -1224752, Your answer:    -1224752
[PASS] [Pattern         132] Golden answer:     1875795, Your answer:     1875795
[PASS] [Pattern         133] Golden answer:    -1608392, Your answer:    -1608392
[PASS] [Pattern         134] Golden answer:     -441527, Your answer:     -441527
[PASS] [Pattern         135] Golden answer:     1669465, Your answer:     1669465
[PASS] [Pattern         136] Golden answer:     -490767, Your answer:     -490767
[PASS] [Pattern         137] Golden answer:    -2437441, Your answer:    -2437441
[PASS] [Pattern         138] Golden answer:    -1575000, Your answer:    -1575000
[PASS] [Pattern         139] Golden answer:      154539, Your answer:      154539
[PASS] [Pattern         140] Golden answer:    -2889620, Your answer:    -2889620
[PASS] [Pattern         141] Golden answer:      365822, Your answer:      365822
[PASS] [Pattern         142] Golden answer:    -2191045, Your answer:    -2191045
[PASS] [Pattern         143] Golden answer:    -2672833, Your answer:    -2672833
[PASS] [Pattern         144] Golden answer:     -676317, Your answer:     -676317
[PASS] [Pattern         145] Golden answer:    -2160932, Your answer:    -2160932
[PASS] [Pattern         146] Golden answer:    -1161888, Your answer:    -1161888
[PASS] [Pattern         147] Golden answer:     3564949, Your answer:     3564949
[PASS] [Pattern         148] Golden answer:    -1581266, Your answer:    -1581266
[PASS] [Pattern         149] Golden answer:     -503403, Your answer:     -503403
[PASS] [Pattern         150] Golden answer:     2801997, Your answer:     2801997
[PASS] [Pattern         151] Golden answer:    -2194627, Your answer:    -2194627
[PASS] [Pattern         152] Golden answer:    -1210323, Your answer:    -1210323
[PASS] [Pattern         153] Golden answer:     -253351, Your answer:     -253351
[PASS] [Pattern         154] Golden answer:     -761349, Your answer:     -761349
[PASS] [Pattern         155] Golden answer:    -1883352, Your answer:    -1883352
[PASS] [Pattern         156] Golden answer:    -2471546, Your answer:    -2471546
[PASS] [Pattern         157] Golden answer:      163153, Your answer:      163153
[PASS] [Pattern         158] Golden answer:     -200880, Your answer:     -200880
[PASS] [Pattern         159] Golden answer:     1112859, Your answer:     1112859
[PASS] [Pattern         160] Golden answer:    -1372468, Your answer:    -1372468
[PASS] [Pattern         161] Golden answer:    -2876728, Your answer:    -2876728
[PASS] [Pattern         162] Golden answer:      636713, Your answer:      636713
[PASS] [Pattern         163] Golden answer:     1146011, Your answer:     1146011
[PASS] [Pattern         164] Golden answer:     -859946, Your answer:     -859946
[PASS] [Pattern         165] Golden answer:     -453221, Your answer:     -453221
[PASS] [Pattern         166] Golden answer:     -848435, Your answer:     -848435
[PASS] [Pattern         167] Golden answer:     -663184, Your answer:     -663184
[PASS] [Pattern         168] Golden answer:    -1171072, Your answer:    -1171072
[PASS] [Pattern         169] Golden answer:     -263013, Your answer:     -263013
[PASS] [Pattern         170] Golden answer:      907541, Your answer:      907541
[PASS] [Pattern         171] Golden answer:     1702262, Your answer:     1702262
[PASS] [Pattern         172] Golden answer:    -2948068, Your answer:    -2948068
[PASS] [Pattern         173] Golden answer:     1235207, Your answer:     1235207
[PASS] [Pattern         174] Golden answer:     2301507, Your answer:     2301507
[PASS] [Pattern         175] Golden answer:    -1031432, Your answer:    -1031432
[PASS] [Pattern         176] Golden answer:     -443135, Your answer:     -443135
[PASS] [Pattern         177] Golden answer:      134343, Your answer:      134343
[PASS] [Pattern         178] Golden answer:    -3795108, Your answer:    -3795108
[PASS] [Pattern         179] Golden answer:    -1901296, Your answer:    -1901296
[PASS] [Pattern         180] Golden answer:      528450, Your answer:      528450
[PASS] [Pattern         181] Golden answer:     -604367, Your answer:     -604367
[PASS] [Pattern         182] Golden answer:     -796050, Your answer:     -796050
[PASS] [Pattern         183] Golden answer:      214970, Your answer:      214970
[PASS] [Pattern         184] Golden answer:     1477207, Your answer:     1477207
[PASS] [Pattern         185] Golden answer:     -821483, Your answer:     -821483
[PASS] [Pattern         186] Golden answer:      -30288, Your answer:      -30288
[PASS] [Pattern         187] Golden answer:    -1365432, Your answer:    -1365432
[PASS] [Pattern         188] Golden answer:      960390, Your answer:      960390
[PASS] [Pattern         189] Golden answer:     2293737, Your answer:     2293737
[PASS] [Pattern         190] Golden answer:    -2803797, Your answer:    -2803797
[PASS] [Pattern         191] Golden answer:      150477, Your answer:      150477
[PASS] [Pattern         192] Golden answer:      831429, Your answer:      831429
[PASS] [Pattern         193] Golden answer:    -2639865, Your answer:    -2639865
[PASS] [Pattern         194] Golden answer:     -280782, Your answer:     -280782
[PASS] [Pattern         195] Golden answer:    -1344411, Your answer:    -1344411
[PASS] [Pattern         196] Golden answer:    -2422241, Your answer:    -2422241
[PASS] [Pattern         197] Golden answer:     2196613, Your answer:     2196613
[PASS] [Pattern         198] Golden answer:    -1849378, Your answer:    -1849378
[PASS] [Pattern         199] Golden answer:    -1013835, Your answer:    -1013835
[PASS] [Pattern         200] Golden answer:    -1518129, Your answer:    -1518129
[PASS] [Pattern         201] Golden answer:    -1161221, Your answer:    -1161221
[PASS] [Pattern         202] Golden answer:     2469613, Your answer:     2469613
[PASS] [Pattern         203] Golden answer:    -1630013, Your answer:    -1630013
[PASS] [Pattern         204] Golden answer:    -1233342, Your answer:    -1233342
[PASS] [Pattern         205] Golden answer:      -96983, Your answer:      -96983
[PASS] [Pattern         206] Golden answer:     1881074, Your answer:     1881074
[PASS] [Pattern         207] Golden answer:    -2538453, Your answer:    -2538453
[PASS] [Pattern         208] Golden answer:     -186921, Your answer:     -186921
[PASS] [Pattern         209] Golden answer:       14528, Your answer:       14528
[PASS] [Pattern         210] Golden answer:    -3234596, Your answer:    -3234596
[PASS] [Pattern         211] Golden answer:    -3698847, Your answer:    -3698847
[PASS] [Pattern         212] Golden answer:     5962595, Your answer:     5962595
[PASS] [Pattern         213] Golden answer:    -2153699, Your answer:    -2153699
[PASS] [Pattern         214] Golden answer:    -4039560, Your answer:    -4039560
[PASS] [Pattern         215] Golden answer:      179819, Your answer:      179819
[PASS] [Pattern         216] Golden answer:    -1065743, Your answer:    -1065743
[PASS] [Pattern         217] Golden answer:      162974, Your answer:      162974
[PASS] [Pattern         218] Golden answer:      329114, Your answer:      329114
[PASS] [Pattern         219] Golden answer:       39164, Your answer:       39164
[PASS] [Pattern         220] Golden answer:    -2202991, Your answer:    -2202991
[PASS] [Pattern         221] Golden answer:    -1457405, Your answer:    -1457405
[PASS] [Pattern         222] Golden answer:      361267, Your answer:      361267
[PASS] [Pattern         223] Golden answer:     -942105, Your answer:     -942105
[PASS] [Pattern         224] Golden answer:    -1710370, Your answer:    -1710370
[PASS] [Pattern         225] Golden answer:     3517750, Your answer:     3517750
[PASS] [Pattern         226] Golden answer:     -673284, Your answer:     -673284
[PASS] [Pattern         227] Golden answer:      455676, Your answer:      455676
[PASS] [Pattern         228] Golden answer:     2151771, Your answer:     2151771
[PASS] [Pattern         229] Golden answer:    -1355936, Your answer:    -1355936
[PASS] [Pattern         230] Golden answer:     -511128, Your answer:     -511128
[PASS] [Pattern         231] Golden answer:    -1507963, Your answer:    -1507963
[PASS] [Pattern         232] Golden answer:    -1266640, Your answer:    -1266640
[PASS] [Pattern         233] Golden answer:     1602273, Your answer:     1602273
[PASS] [Pattern         234] Golden answer:     2008851, Your answer:     2008851
[PASS] [Pattern         235] Golden answer:     -336519, Your answer:     -336519
[PASS] [Pattern         236] Golden answer:     1584956, Your answer:     1584956
[PASS] [Pattern         237] Golden answer:    -2408522, Your answer:    -2408522
[PASS] [Pattern         238] Golden answer:     -791392, Your answer:     -791392
[PASS] [Pattern         239] Golden answer:      618304, Your answer:      618304
[PASS] [Pattern         240] Golden answer:     -998090, Your answer:     -998090
[PASS] [Pattern         241] Golden answer:     -581784, Your answer:     -581784
[PASS] [Pattern         242] Golden answer:     3283070, Your answer:     3283070
[PASS] [Pattern         243] Golden answer:     1120589, Your answer:     1120589
[PASS] [Pattern         244] Golden answer:    -2972251, Your answer:    -2972251
[PASS] [Pattern         245] Golden answer:     1127590, Your answer:     1127590
[PASS] [Pattern         246] Golden answer:    -2851469, Your answer:    -2851469
[PASS] [Pattern         247] Golden answer:    -2600283, Your answer:    -2600283
[PASS] [Pattern         248] Golden answer:     -269077, Your answer:     -269077
[PASS] [Pattern         249] Golden answer:     2211906, Your answer:     2211906
[PASS] [Pattern         250] Golden answer:     -785790, Your answer:     -785790
[PASS] [Pattern         251] Golden answer:      590963, Your answer:      590963
[PASS] [Pattern         252] Golden answer:     -382860, Your answer:     -382860
[PASS] [Pattern         253] Golden answer:    -2052665, Your answer:    -2052665
[PASS] [Pattern         254] Golden answer:    -1913124, Your answer:    -1913124
[PASS] [Pattern         255] Golden answer:    -4249332, Your answer:    -4249332
[PASS] [Pattern         256] Golden answer:      400621, Your answer:      400621
[PASS] [Pattern         257] Golden answer:      660441, Your answer:      660441
[PASS] [Pattern         258] Golden answer:    -1153140, Your answer:    -1153140
[PASS] [Pattern         259] Golden answer:    -1019812, Your answer:    -1019812
[PASS] [Pattern         260] Golden answer:     1547268, Your answer:     1547268
[PASS] [Pattern         261] Golden answer:    -4258443, Your answer:    -4258443
[PASS] [Pattern         262] Golden answer:    -2544368, Your answer:    -2544368
[PASS] [Pattern         263] Golden answer:    -1015619, Your answer:    -1015619
[PASS] [Pattern         264] Golden answer:     1069107, Your answer:     1069107
[PASS] [Pattern         265] Golden answer:      912782, Your answer:      912782
[PASS] [Pattern         266] Golden answer:     1294455, Your answer:     1294455
[PASS] [Pattern         267] Golden answer:     1271774, Your answer:     1271774
[PASS] [Pattern         268] Golden answer:    -1592512, Your answer:    -1592512
[PASS] [Pattern         269] Golden answer:    -1143819, Your answer:    -1143819
[PASS] [Pattern         270] Golden answer:    -1277493, Your answer:    -1277493
[PASS] [Pattern         271] Golden answer:    -1646918, Your answer:    -1646918
[PASS] [Pattern         272] Golden answer:      597601, Your answer:      597601
[PASS] [Pattern         273] Golden answer:      977112, Your answer:      977112
[PASS] [Pattern         274] Golden answer:     1717749, Your answer:     1717749
[PASS] [Pattern         275] Golden answer:     -808422, Your answer:     -808422
[PASS] [Pattern         276] Golden answer:     1271635, Your answer:     1271635
[PASS] [Pattern         277] Golden answer:     -939396, Your answer:     -939396
[PASS] [Pattern         278] Golden answer:      310455, Your answer:      310455
[PASS] [Pattern         279] Golden answer:    -2404841, Your answer:    -2404841
[PASS] [Pattern         280] Golden answer:     1418673, Your answer:     1418673
[PASS] [Pattern         281] Golden answer:    -3997465, Your answer:    -3997465
[PASS] [Pattern         282] Golden answer:     1907753, Your answer:     1907753
[PASS] [Pattern         283] Golden answer:      498811, Your answer:      498811
[PASS] [Pattern         284] Golden answer:     1158036, Your answer:     1158036
[PASS] [Pattern         285] Golden answer:    -1171893, Your answer:    -1171893
[PASS] [Pattern         286] Golden answer:       90199, Your answer:       90199
[PASS] [Pattern         287] Golden answer:    -2728490, Your answer:    -2728490
[PASS] [Pattern         288] Golden answer:      246718, Your answer:      246718
[PASS] [Pattern         289] Golden answer:     1123971, Your answer:     1123971
[PASS] [Pattern         290] Golden answer:      822904, Your answer:      822904
[PASS] [Pattern         291] Golden answer:    -3171180, Your answer:    -3171180
[PASS] [Pattern         292] Golden answer:    -2902744, Your answer:    -2902744
[PASS] [Pattern         293] Golden answer:      386177, Your answer:      386177
[PASS] [Pattern         294] Golden answer:      947207, Your answer:      947207
[PASS] [Pattern         295] Golden answer:    -1631875, Your answer:    -1631875
[PASS] [Pattern         296] Golden answer:    -1212121, Your answer:    -1212121
[PASS] [Pattern         297] Golden answer:       60754, Your answer:       60754
[PASS] [Pattern         298] Golden answer:    -1640072, Your answer:    -1640072
-----End the third dataset input(AXI-Stream)----
[PASS] [Pattern         299] Golden answer:    -3633587, Your answer:    -3633587
-----------get ap_done------------
-----------check ap_done clear------------
OK: exp =           0, rdata =           4
---------------------------------------------
-----------Congratulations! Pass-------------
-------------------third dataset complete cycle count       11116(to know best case throuput) ---------------------
$finish called from file "tb.v", line 348.
$finish at simulation time            332575000
           V C S   S i m u l a t i o n   R e p o r t 
Time: 332575000 ps
CPU Time:      0.730 seconds;       Data structure size:   0.0Mb
Wed Mar 19 23:10:49 2025
CPU time: .765 seconds in simulation
