vcs -R +v2k -full64 tb.v ../syn/netlist/fir_syn.v -v /usr/cadtool/ee5216/CBDK_TSMC90GUTM_Arm_f1.0/CIC/Verilog/tsmc090.v +define+SDF -debug_acc +neg_tchk 
*** Using c compiler gcc instead of cc ...
                         Chronologic VCS (TM)
         Version N-2017.12_Full64 -- Sun Mar  9 19:08:59 2025
               Copyright (c) 1991-2017 by Synopsys Inc.
                         ALL RIGHTS RESERVED

This program is proprietary and confidential information of Synopsys Inc.
and may be used and disclosed only as authorized in a license agreement
controlling such use and disclosure.

The design hasn't changed and need not be recompiled. 
If you really want to, delete file simv.daidir/.vcs.timestamp and
run VCS again.

Chronologic VCS simulator copyright 1991-2017
Contains Synopsys proprietary information.
Compiler version N-2017.12_Full64; Runtime version N-2017.12_Full64;  Mar  9 19:08 2025
Doing SDF annotation ...... Done
------------Start simulation-----------
----Start the data input(AXI-Stream)----
----Start the coefficient input(AXI-lite)----
 Check Coefficient ...
OK: exp =          -7, rdata =          -7
OK: exp =           7, rdata =           7
OK: exp =           6, rdata =           6
OK: exp =          -7, rdata =          -7
OK: exp =           5, rdata =           5
OK: exp =          -2, rdata =          -2
OK: exp =           2, rdata =           2
OK: exp =           5, rdata =           5
OK: exp =          -5, rdata =          -5
OK: exp =          -1, rdata =          -1
OK: exp =          -8, rdata =          -8
OK: exp =           4, rdata =           4
OK: exp =          -2, rdata =          -2
OK: exp =          -8, rdata =          -8
OK: exp =          -7, rdata =          -7
OK: exp =          -2, rdata =          -2
OK: exp =          -2, rdata =          -2
OK: exp =           4, rdata =           4
OK: exp =          -1, rdata =          -1
OK: exp =          -9, rdata =          -9
 Tape programming done ...
 Start FIR
----End the coefficient input(AXI-lite)----
[PASS] [Pattern          0] Golden answer:     -112385, Your answer:     -112385
[PASS] [Pattern          1] Golden answer:      794738, Your answer:      794738
[PASS] [Pattern          2] Golden answer:      -51510, Your answer:      -51510
[PASS] [Pattern          3] Golden answer:    -1875429, Your answer:    -1875429
[PASS] [Pattern          4] Golden answer:      682047, Your answer:      682047
[PASS] [Pattern          5] Golden answer:     1072198, Your answer:     1072198
[PASS] [Pattern          6] Golden answer:     -293406, Your answer:     -293406
[PASS] [Pattern          7] Golden answer:      -51390, Your answer:      -51390
[PASS] [Pattern          8] Golden answer:     -958244, Your answer:     -958244
[PASS] [Pattern          9] Golden answer:     -180104, Your answer:     -180104
[PASS] [Pattern         10] Golden answer:     1091078, Your answer:     1091078
[PASS] [Pattern         11] Golden answer:       23838, Your answer:       23838
[PASS] [Pattern         12] Golden answer:     -127655, Your answer:     -127655
[PASS] [Pattern         13] Golden answer:     -560404, Your answer:     -560404
[PASS] [Pattern         14] Golden answer:     -922488, Your answer:     -922488
[PASS] [Pattern         15] Golden answer:     2832890, Your answer:     2832890
[PASS] [Pattern         16] Golden answer:      467957, Your answer:      467957
[PASS] [Pattern         17] Golden answer:    -1387974, Your answer:    -1387974
[PASS] [Pattern         18] Golden answer:      829086, Your answer:      829086
[PASS] [Pattern         19] Golden answer:     -877588, Your answer:     -877588
[PASS] [Pattern         20] Golden answer:     3582177, Your answer:     3582177
[PASS] [Pattern         21] Golden answer:      511989, Your answer:      511989
[PASS] [Pattern         22] Golden answer:      -45141, Your answer:      -45141
[PASS] [Pattern         23] Golden answer:     1938605, Your answer:     1938605
[PASS] [Pattern         24] Golden answer:     -404153, Your answer:     -404153
[PASS] [Pattern         25] Golden answer:     2083242, Your answer:     2083242
[PASS] [Pattern         26] Golden answer:     1836164, Your answer:     1836164
[PASS] [Pattern         27] Golden answer:      -73566, Your answer:      -73566
[PASS] [Pattern         28] Golden answer:     1191404, Your answer:     1191404
[PASS] [Pattern         29] Golden answer:     3222903, Your answer:     3222903
[PASS] [Pattern         30] Golden answer:    -1144019, Your answer:    -1144019
[PASS] [Pattern         31] Golden answer:     -743906, Your answer:     -743906
[PASS] [Pattern         32] Golden answer:     2255422, Your answer:     2255422
[PASS] [Pattern         33] Golden answer:     -297916, Your answer:     -297916
[PASS] [Pattern         34] Golden answer:      527089, Your answer:      527089
[PASS] [Pattern         35] Golden answer:     -763055, Your answer:     -763055
[PASS] [Pattern         36] Golden answer:    -1716656, Your answer:    -1716656
[PASS] [Pattern         37] Golden answer:     -999861, Your answer:     -999861
[PASS] [Pattern         38] Golden answer:     2016718, Your answer:     2016718
[PASS] [Pattern         39] Golden answer:     1189464, Your answer:     1189464
[PASS] [Pattern         40] Golden answer:    -3229665, Your answer:    -3229665
[PASS] [Pattern         41] Golden answer:     -616514, Your answer:     -616514
[PASS] [Pattern         42] Golden answer:     1054426, Your answer:     1054426
[PASS] [Pattern         43] Golden answer:      968385, Your answer:      968385
[PASS] [Pattern         44] Golden answer:      327842, Your answer:      327842
[PASS] [Pattern         45] Golden answer:      -32546, Your answer:      -32546
[PASS] [Pattern         46] Golden answer:    -2058491, Your answer:    -2058491
[PASS] [Pattern         47] Golden answer:     1238681, Your answer:     1238681
[PASS] [Pattern         48] Golden answer:     2328937, Your answer:     2328937
[PASS] [Pattern         49] Golden answer:     -349316, Your answer:     -349316
[PASS] [Pattern         50] Golden answer:    -2899675, Your answer:    -2899675
[PASS] [Pattern         51] Golden answer:    -1642404, Your answer:    -1642404
[PASS] [Pattern         52] Golden answer:     1701487, Your answer:     1701487
[PASS] [Pattern         53] Golden answer:     1537847, Your answer:     1537847
[PASS] [Pattern         54] Golden answer:     -887236, Your answer:     -887236
[PASS] [Pattern         55] Golden answer:    -1222432, Your answer:    -1222432
[PASS] [Pattern         56] Golden answer:    -2528565, Your answer:    -2528565
[PASS] [Pattern         57] Golden answer:     1071145, Your answer:     1071145
[PASS] [Pattern         58] Golden answer:     2879524, Your answer:     2879524
[PASS] [Pattern         59] Golden answer:     -889168, Your answer:     -889168
[PASS] [Pattern         60] Golden answer:    -1610822, Your answer:    -1610822
[PASS] [Pattern         61] Golden answer:    -1778786, Your answer:    -1778786
[PASS] [Pattern         62] Golden answer:     1855159, Your answer:     1855159
[PASS] [Pattern         63] Golden answer:     2801058, Your answer:     2801058
[PASS] [Pattern         64] Golden answer:     -556994, Your answer:     -556994
[PASS] [Pattern         65] Golden answer:      842909, Your answer:      842909
[PASS] [Pattern         66] Golden answer:     -674887, Your answer:     -674887
[PASS] [Pattern         67] Golden answer:     -726452, Your answer:     -726452
[PASS] [Pattern         68] Golden answer:     3613708, Your answer:     3613708
[PASS] [Pattern         69] Golden answer:     -101028, Your answer:     -101028
[PASS] [Pattern         70] Golden answer:      908675, Your answer:      908675
[PASS] [Pattern         71] Golden answer:     -514071, Your answer:     -514071
[PASS] [Pattern         72] Golden answer:      231065, Your answer:      231065
[PASS] [Pattern         73] Golden answer:     2342927, Your answer:     2342927
[PASS] [Pattern         74] Golden answer:      -29461, Your answer:      -29461
[PASS] [Pattern         75] Golden answer:      165688, Your answer:      165688
[PASS] [Pattern         76] Golden answer:     -748135, Your answer:     -748135
[PASS] [Pattern         77] Golden answer:    -1506453, Your answer:    -1506453
[PASS] [Pattern         78] Golden answer:      181632, Your answer:      181632
[PASS] [Pattern         79] Golden answer:      669431, Your answer:      669431
[PASS] [Pattern         80] Golden answer:      -68919, Your answer:      -68919
[PASS] [Pattern         81] Golden answer:     -149033, Your answer:     -149033
[PASS] [Pattern         82] Golden answer:    -3290451, Your answer:    -3290451
[PASS] [Pattern         83] Golden answer:    -1026078, Your answer:    -1026078
[PASS] [Pattern         84] Golden answer:      393730, Your answer:      393730
[PASS] [Pattern         85] Golden answer:    -1287178, Your answer:    -1287178
[PASS] [Pattern         86] Golden answer:      335103, Your answer:      335103
[PASS] [Pattern         87] Golden answer:    -2296142, Your answer:    -2296142
[PASS] [Pattern         88] Golden answer:    -1429948, Your answer:    -1429948
[PASS] [Pattern         89] Golden answer:     2221568, Your answer:     2221568
[PASS] [Pattern         90] Golden answer:    -1816080, Your answer:    -1816080
[PASS] [Pattern         91] Golden answer:     1062304, Your answer:     1062304
[PASS] [Pattern         92] Golden answer:      528997, Your answer:      528997
[PASS] [Pattern         93] Golden answer:      611241, Your answer:      611241
[PASS] [Pattern         94] Golden answer:      638876, Your answer:      638876
[PASS] [Pattern         95] Golden answer:     1430443, Your answer:     1430443
[PASS] [Pattern         96] Golden answer:     -305571, Your answer:     -305571
[PASS] [Pattern         97] Golden answer:     1238602, Your answer:     1238602
[PASS] [Pattern         98] Golden answer:     2917983, Your answer:     2917983
[PASS] [Pattern         99] Golden answer:      793650, Your answer:      793650
[PASS] [Pattern        100] Golden answer:     1164979, Your answer:     1164979
[PASS] [Pattern        101] Golden answer:     -129424, Your answer:     -129424
[PASS] [Pattern        102] Golden answer:    -1670752, Your answer:    -1670752
[PASS] [Pattern        103] Golden answer:     1639221, Your answer:     1639221
[PASS] [Pattern        104] Golden answer:     1138865, Your answer:     1138865
[PASS] [Pattern        105] Golden answer:       89687, Your answer:       89687
[PASS] [Pattern        106] Golden answer:    -1003886, Your answer:    -1003886
[PASS] [Pattern        107] Golden answer:     -496803, Your answer:     -496803
[PASS] [Pattern        108] Golden answer:      871002, Your answer:      871002
[PASS] [Pattern        109] Golden answer:     -534972, Your answer:     -534972
[PASS] [Pattern        110] Golden answer:     1214086, Your answer:     1214086
[PASS] [Pattern        111] Golden answer:     -330347, Your answer:     -330347
[PASS] [Pattern        112] Golden answer:    -1285845, Your answer:    -1285845
[PASS] [Pattern        113] Golden answer:      158137, Your answer:      158137
[PASS] [Pattern        114] Golden answer:       14814, Your answer:       14814
[PASS] [Pattern        115] Golden answer:     -192230, Your answer:     -192230
[PASS] [Pattern        116] Golden answer:    -1352951, Your answer:    -1352951
[PASS] [Pattern        117] Golden answer:     1211670, Your answer:     1211670
[PASS] [Pattern        118] Golden answer:    -2934721, Your answer:    -2934721
[PASS] [Pattern        119] Golden answer:     -151335, Your answer:     -151335
[PASS] [Pattern        120] Golden answer:     3386936, Your answer:     3386936
[PASS] [Pattern        121] Golden answer:    -1841402, Your answer:    -1841402
[PASS] [Pattern        122] Golden answer:      114060, Your answer:      114060
[PASS] [Pattern        123] Golden answer:      233825, Your answer:      233825
[PASS] [Pattern        124] Golden answer:     -655429, Your answer:     -655429
[PASS] [Pattern        125] Golden answer:    -1444023, Your answer:    -1444023
[PASS] [Pattern        126] Golden answer:      336495, Your answer:      336495
[PASS] [Pattern        127] Golden answer:      913666, Your answer:      913666
[PASS] [Pattern        128] Golden answer:    -1099171, Your answer:    -1099171
[PASS] [Pattern        129] Golden answer:     -423592, Your answer:     -423592
[PASS] [Pattern        130] Golden answer:     -333982, Your answer:     -333982
[PASS] [Pattern        131] Golden answer:      734743, Your answer:      734743
[PASS] [Pattern        132] Golden answer:     -473527, Your answer:     -473527
[PASS] [Pattern        133] Golden answer:     2105121, Your answer:     2105121
[PASS] [Pattern        134] Golden answer:     -806962, Your answer:     -806962
[PASS] [Pattern        135] Golden answer:    -1800839, Your answer:    -1800839
[PASS] [Pattern        136] Golden answer:     1468703, Your answer:     1468703
[PASS] [Pattern        137] Golden answer:    -1201046, Your answer:    -1201046
[PASS] [Pattern        138] Golden answer:      222624, Your answer:      222624
[PASS] [Pattern        139] Golden answer:     -817423, Your answer:     -817423
[PASS] [Pattern        140] Golden answer:    -1193181, Your answer:    -1193181
[PASS] [Pattern        141] Golden answer:    -1262043, Your answer:    -1262043
[PASS] [Pattern        142] Golden answer:       24354, Your answer:       24354
[PASS] [Pattern        143] Golden answer:     1426602, Your answer:     1426602
[PASS] [Pattern        144] Golden answer:    -2366451, Your answer:    -2366451
[PASS] [Pattern        145] Golden answer:      522100, Your answer:      522100
[PASS] [Pattern        146] Golden answer:      211680, Your answer:      211680
[PASS] [Pattern        147] Golden answer:    -1183929, Your answer:    -1183929
[PASS] [Pattern        148] Golden answer:      -38672, Your answer:      -38672
[PASS] [Pattern        149] Golden answer:     1253561, Your answer:     1253561
[PASS] [Pattern        150] Golden answer:    -2784859, Your answer:    -2784859
[PASS] [Pattern        151] Golden answer:     1013487, Your answer:     1013487
[PASS] [Pattern        152] Golden answer:      585112, Your answer:      585112
[PASS] [Pattern        153] Golden answer:     -964428, Your answer:     -964428
[PASS] [Pattern        154] Golden answer:     -350128, Your answer:     -350128
[PASS] [Pattern        155] Golden answer:     -308668, Your answer:     -308668
[PASS] [Pattern        156] Golden answer:      850677, Your answer:      850677
[PASS] [Pattern        157] Golden answer:    -1431651, Your answer:    -1431651
[PASS] [Pattern        158] Golden answer:     1717579, Your answer:     1717579
[PASS] [Pattern        159] Golden answer:     -741140, Your answer:     -741140
[PASS] [Pattern        160] Golden answer:    -1006846, Your answer:    -1006846
[PASS] [Pattern        161] Golden answer:     1410547, Your answer:     1410547
[PASS] [Pattern        162] Golden answer:     -397469, Your answer:     -397469
[PASS] [Pattern        163] Golden answer:     -868981, Your answer:     -868981
[PASS] [Pattern        164] Golden answer:     2054952, Your answer:     2054952
[PASS] [Pattern        165] Golden answer:       22242, Your answer:       22242
[PASS] [Pattern        166] Golden answer:    -2151760, Your answer:    -2151760
[PASS] [Pattern        167] Golden answer:     1931864, Your answer:     1931864
[PASS] [Pattern        168] Golden answer:     1498048, Your answer:     1498048
[PASS] [Pattern        169] Golden answer:     -302559, Your answer:     -302559
[PASS] [Pattern        170] Golden answer:     -676603, Your answer:     -676603
[PASS] [Pattern        171] Golden answer:      787570, Your answer:      787570
[PASS] [Pattern        172] Golden answer:       95390, Your answer:       95390
[PASS] [Pattern        173] Golden answer:     -860602, Your answer:     -860602
[PASS] [Pattern        174] Golden answer:     2839103, Your answer:     2839103
[PASS] [Pattern        175] Golden answer:     -638673, Your answer:     -638673
[PASS] [Pattern        176] Golden answer:    -1695694, Your answer:    -1695694
[PASS] [Pattern        177] Golden answer:     3627179, Your answer:     3627179
[PASS] [Pattern        178] Golden answer:     -222866, Your answer:     -222866
[PASS] [Pattern        179] Golden answer:      524199, Your answer:      524199
[PASS] [Pattern        180] Golden answer:     2026705, Your answer:     2026705
[PASS] [Pattern        181] Golden answer:     -758917, Your answer:     -758917
[PASS] [Pattern        182] Golden answer:      467920, Your answer:      467920
[PASS] [Pattern        183] Golden answer:     1021676, Your answer:     1021676
[PASS] [Pattern        184] Golden answer:      385930, Your answer:      385930
[PASS] [Pattern        185] Golden answer:     -996265, Your answer:     -996265
[PASS] [Pattern        186] Golden answer:     -130079, Your answer:     -130079
[PASS] [Pattern        187] Golden answer:     1902486, Your answer:     1902486
[PASS] [Pattern        188] Golden answer:      333579, Your answer:      333579
[PASS] [Pattern        189] Golden answer:    -1628678, Your answer:    -1628678
[PASS] [Pattern        190] Golden answer:      568977, Your answer:      568977
[PASS] [Pattern        191] Golden answer:      352060, Your answer:      352060
[PASS] [Pattern        192] Golden answer:     1750561, Your answer:     1750561
[PASS] [Pattern        193] Golden answer:     1726318, Your answer:     1726318
[PASS] [Pattern        194] Golden answer:    -1490297, Your answer:    -1490297
[PASS] [Pattern        195] Golden answer:      821984, Your answer:      821984
[PASS] [Pattern        196] Golden answer:     -840900, Your answer:     -840900
[PASS] [Pattern        197] Golden answer:      410943, Your answer:      410943
[PASS] [Pattern        198] Golden answer:      819715, Your answer:      819715
[PASS] [Pattern        199] Golden answer:    -1314548, Your answer:    -1314548
[PASS] [Pattern        200] Golden answer:      730654, Your answer:      730654
[PASS] [Pattern        201] Golden answer:    -1365655, Your answer:    -1365655
[PASS] [Pattern        202] Golden answer:    -1399720, Your answer:    -1399720
[PASS] [Pattern        203] Golden answer:      -95307, Your answer:      -95307
[PASS] [Pattern        204] Golden answer:    -3069560, Your answer:    -3069560
[PASS] [Pattern        205] Golden answer:     2568558, Your answer:     2568558
[PASS] [Pattern        206] Golden answer:     -805473, Your answer:     -805473
[PASS] [Pattern        207] Golden answer:    -1994169, Your answer:    -1994169
[PASS] [Pattern        208] Golden answer:      960878, Your answer:      960878
[PASS] [Pattern        209] Golden answer:    -3741826, Your answer:    -3741826
[PASS] [Pattern        210] Golden answer:     2211654, Your answer:     2211654
[PASS] [Pattern        211] Golden answer:      975623, Your answer:      975623
[PASS] [Pattern        212] Golden answer:    -1768845, Your answer:    -1768845
[PASS] [Pattern        213] Golden answer:      -48486, Your answer:      -48486
[PASS] [Pattern        214] Golden answer:     -635622, Your answer:     -635622
[PASS] [Pattern        215] Golden answer:     2144019, Your answer:     2144019
[PASS] [Pattern        216] Golden answer:      248249, Your answer:      248249
[PASS] [Pattern        217] Golden answer:     -947491, Your answer:     -947491
[PASS] [Pattern        218] Golden answer:     -566602, Your answer:     -566602
[PASS] [Pattern        219] Golden answer:    -1339410, Your answer:    -1339410
[PASS] [Pattern        220] Golden answer:     2857758, Your answer:     2857758
[PASS] [Pattern        221] Golden answer:      963798, Your answer:      963798
[PASS] [Pattern        222] Golden answer:     -493400, Your answer:     -493400
[PASS] [Pattern        223] Golden answer:    -1704478, Your answer:    -1704478
[PASS] [Pattern        224] Golden answer:     1588318, Your answer:     1588318
[PASS] [Pattern        225] Golden answer:     1970605, Your answer:     1970605
[PASS] [Pattern        226] Golden answer:     -668793, Your answer:     -668793
[PASS] [Pattern        227] Golden answer:     2418072, Your answer:     2418072
[PASS] [Pattern        228] Golden answer:     -654500, Your answer:     -654500
[PASS] [Pattern        229] Golden answer:      836726, Your answer:      836726
[PASS] [Pattern        230] Golden answer:     2841002, Your answer:     2841002
[PASS] [Pattern        231] Golden answer:     1088802, Your answer:     1088802
[PASS] [Pattern        232] Golden answer:     1913503, Your answer:     1913503
[PASS] [Pattern        233] Golden answer:    -1317916, Your answer:    -1317916
[PASS] [Pattern        234] Golden answer:     3627335, Your answer:     3627335
[PASS] [Pattern        235] Golden answer:      935882, Your answer:      935882
[PASS] [Pattern        236] Golden answer:     -478093, Your answer:     -478093
[PASS] [Pattern        237] Golden answer:     1810217, Your answer:     1810217
[PASS] [Pattern        238] Golden answer:    -1450264, Your answer:    -1450264
[PASS] [Pattern        239] Golden answer:     2271657, Your answer:     2271657
[PASS] [Pattern        240] Golden answer:     -413729, Your answer:     -413729
[PASS] [Pattern        241] Golden answer:      186677, Your answer:      186677
[PASS] [Pattern        242] Golden answer:     1633783, Your answer:     1633783
[PASS] [Pattern        243] Golden answer:     -429127, Your answer:     -429127
[PASS] [Pattern        244] Golden answer:     1713648, Your answer:     1713648
[PASS] [Pattern        245] Golden answer:     1523426, Your answer:     1523426
[PASS] [Pattern        246] Golden answer:      770570, Your answer:      770570
[PASS] [Pattern        247] Golden answer:     2864997, Your answer:     2864997
[PASS] [Pattern        248] Golden answer:      375130, Your answer:      375130
[PASS] [Pattern        249] Golden answer:     1323666, Your answer:     1323666
[PASS] [Pattern        250] Golden answer:     1202495, Your answer:     1202495
[PASS] [Pattern        251] Golden answer:      650361, Your answer:      650361
[PASS] [Pattern        252] Golden answer:     1643476, Your answer:     1643476
[PASS] [Pattern        253] Golden answer:    -1809757, Your answer:    -1809757
[PASS] [Pattern        254] Golden answer:    -1279994, Your answer:    -1279994
[PASS] [Pattern        255] Golden answer:     1280936, Your answer:     1280936
[PASS] [Pattern        256] Golden answer:      129961, Your answer:      129961
[PASS] [Pattern        257] Golden answer:    -1047114, Your answer:    -1047114
[PASS] [Pattern        258] Golden answer:     -310130, Your answer:     -310130
[PASS] [Pattern        259] Golden answer:    -2521666, Your answer:    -2521666
[PASS] [Pattern        260] Golden answer:      331081, Your answer:      331081
[PASS] [Pattern        261] Golden answer:     2470221, Your answer:     2470221
[PASS] [Pattern        262] Golden answer:     -561566, Your answer:     -561566
[PASS] [Pattern        263] Golden answer:    -1222784, Your answer:    -1222784
[PASS] [Pattern        264] Golden answer:    -1398822, Your answer:    -1398822
[PASS] [Pattern        265] Golden answer:     2288007, Your answer:     2288007
[PASS] [Pattern        266] Golden answer:      855587, Your answer:      855587
[PASS] [Pattern        267] Golden answer:      593302, Your answer:      593302
[PASS] [Pattern        268] Golden answer:     1257704, Your answer:     1257704
[PASS] [Pattern        269] Golden answer:    -1454116, Your answer:    -1454116
[PASS] [Pattern        270] Golden answer:     2224917, Your answer:     2224917
[PASS] [Pattern        271] Golden answer:     -191506, Your answer:     -191506
[PASS] [Pattern        272] Golden answer:     -308446, Your answer:     -308446
[PASS] [Pattern        273] Golden answer:      -93948, Your answer:      -93948
[PASS] [Pattern        274] Golden answer:    -1169433, Your answer:    -1169433
[PASS] [Pattern        275] Golden answer:     1661983, Your answer:     1661983
[PASS] [Pattern        276] Golden answer:    -1212304, Your answer:    -1212304
[PASS] [Pattern        277] Golden answer:     -417905, Your answer:     -417905
[PASS] [Pattern        278] Golden answer:     -221814, Your answer:     -221814
[PASS] [Pattern        279] Golden answer:    -1511098, Your answer:    -1511098
[PASS] [Pattern        280] Golden answer:      797441, Your answer:      797441
[PASS] [Pattern        281] Golden answer:     -990132, Your answer:     -990132
[PASS] [Pattern        282] Golden answer:     -722643, Your answer:     -722643
[PASS] [Pattern        283] Golden answer:     2261380, Your answer:     2261380
[PASS] [Pattern        284] Golden answer:     -421180, Your answer:     -421180
[PASS] [Pattern        285] Golden answer:     -659634, Your answer:     -659634
[PASS] [Pattern        286] Golden answer:     2940792, Your answer:     2940792
[PASS] [Pattern        287] Golden answer:     -688341, Your answer:     -688341
[PASS] [Pattern        288] Golden answer:     2184316, Your answer:     2184316
[PASS] [Pattern        289] Golden answer:     -887112, Your answer:     -887112
[PASS] [Pattern        290] Golden answer:    -1716361, Your answer:    -1716361
[PASS] [Pattern        291] Golden answer:      171306, Your answer:      171306
[PASS] [Pattern        292] Golden answer:     -923773, Your answer:     -923773
[PASS] [Pattern        293] Golden answer:      564220, Your answer:      564220
[PASS] [Pattern        294] Golden answer:     -127919, Your answer:     -127919
[PASS] [Pattern        295] Golden answer:    -1799694, Your answer:    -1799694
[PASS] [Pattern        296] Golden answer:     1805687, Your answer:     1805687
[PASS] [Pattern        297] Golden answer:    -2431530, Your answer:    -2431530
[PASS] [Pattern        298] Golden answer:      930472, Your answer:      930472
[PASS] [Pattern        299] Golden answer:     1602982, Your answer:     1602982
[PASS] [Pattern        300] Golden answer:    -2054222, Your answer:    -2054222
[PASS] [Pattern        301] Golden answer:     2701902, Your answer:     2701902
[PASS] [Pattern        302] Golden answer:    -1418843, Your answer:    -1418843
[PASS] [Pattern        303] Golden answer:     1772544, Your answer:     1772544
[PASS] [Pattern        304] Golden answer:    -1599204, Your answer:    -1599204
[PASS] [Pattern        305] Golden answer:     -293058, Your answer:     -293058
[PASS] [Pattern        306] Golden answer:     1843921, Your answer:     1843921
[PASS] [Pattern        307] Golden answer:     -219659, Your answer:     -219659
[PASS] [Pattern        308] Golden answer:     2992560, Your answer:     2992560
[PASS] [Pattern        309] Golden answer:      498255, Your answer:      498255
[PASS] [Pattern        310] Golden answer:     -640064, Your answer:     -640064
[PASS] [Pattern        311] Golden answer:     -127542, Your answer:     -127542
[PASS] [Pattern        312] Golden answer:      630042, Your answer:      630042
[PASS] [Pattern        313] Golden answer:     -125735, Your answer:     -125735
[PASS] [Pattern        314] Golden answer:     1078090, Your answer:     1078090
[PASS] [Pattern        315] Golden answer:     -668912, Your answer:     -668912
[PASS] [Pattern        316] Golden answer:    -1373739, Your answer:    -1373739
[PASS] [Pattern        317] Golden answer:     -104846, Your answer:     -104846
[PASS] [Pattern        318] Golden answer:     1606789, Your answer:     1606789
[PASS] [Pattern        319] Golden answer:      -99949, Your answer:      -99949
[PASS] [Pattern        320] Golden answer:     -274914, Your answer:     -274914
[PASS] [Pattern        321] Golden answer:      169194, Your answer:      169194
[PASS] [Pattern        322] Golden answer:      108324, Your answer:      108324
[PASS] [Pattern        323] Golden answer:      615879, Your answer:      615879
[PASS] [Pattern        324] Golden answer:     -659903, Your answer:     -659903
[PASS] [Pattern        325] Golden answer:     -253460, Your answer:     -253460
[PASS] [Pattern        326] Golden answer:     -963554, Your answer:     -963554
[PASS] [Pattern        327] Golden answer:    -1985873, Your answer:    -1985873
[PASS] [Pattern        328] Golden answer:     -698322, Your answer:     -698322
[PASS] [Pattern        329] Golden answer:     1014656, Your answer:     1014656
[PASS] [Pattern        330] Golden answer:     -192060, Your answer:     -192060
[PASS] [Pattern        331] Golden answer:     -701721, Your answer:     -701721
[PASS] [Pattern        332] Golden answer:      -45961, Your answer:      -45961
[PASS] [Pattern        333] Golden answer:    -2951657, Your answer:    -2951657
[PASS] [Pattern        334] Golden answer:     2715101, Your answer:     2715101
[PASS] [Pattern        335] Golden answer:    -1203965, Your answer:    -1203965
[PASS] [Pattern        336] Golden answer:    -1146740, Your answer:    -1146740
[PASS] [Pattern        337] Golden answer:     -880257, Your answer:     -880257
[PASS] [Pattern        338] Golden answer:    -2450996, Your answer:    -2450996
[PASS] [Pattern        339] Golden answer:     2069244, Your answer:     2069244
[PASS] [Pattern        340] Golden answer:      -16336, Your answer:      -16336
[PASS] [Pattern        341] Golden answer:     -792599, Your answer:     -792599
[PASS] [Pattern        342] Golden answer:      645977, Your answer:      645977
[PASS] [Pattern        343] Golden answer:    -1759793, Your answer:    -1759793
[PASS] [Pattern        344] Golden answer:     1498846, Your answer:     1498846
[PASS] [Pattern        345] Golden answer:     3553096, Your answer:     3553096
[PASS] [Pattern        346] Golden answer:    -2474665, Your answer:    -2474665
[PASS] [Pattern        347] Golden answer:      124424, Your answer:      124424
[PASS] [Pattern        348] Golden answer:     1788313, Your answer:     1788313
[PASS] [Pattern        349] Golden answer:      291394, Your answer:      291394
[PASS] [Pattern        350] Golden answer:      985143, Your answer:      985143
[PASS] [Pattern        351] Golden answer:     -414546, Your answer:     -414546
[PASS] [Pattern        352] Golden answer:    -1139918, Your answer:    -1139918
[PASS] [Pattern        353] Golden answer:     1572509, Your answer:     1572509
[PASS] [Pattern        354] Golden answer:      585884, Your answer:      585884
[PASS] [Pattern        355] Golden answer:     1490455, Your answer:     1490455
[PASS] [Pattern        356] Golden answer:    -3259695, Your answer:    -3259695
[PASS] [Pattern        357] Golden answer:    -1354091, Your answer:    -1354091
[PASS] [Pattern        358] Golden answer:     1447292, Your answer:     1447292
[PASS] [Pattern        359] Golden answer:    -1244673, Your answer:    -1244673
[PASS] [Pattern        360] Golden answer:      114678, Your answer:      114678
[PASS] [Pattern        361] Golden answer:       76385, Your answer:       76385
[PASS] [Pattern        362] Golden answer:    -2258188, Your answer:    -2258188
[PASS] [Pattern        363] Golden answer:     1568660, Your answer:     1568660
[PASS] [Pattern        364] Golden answer:     2174407, Your answer:     2174407
[PASS] [Pattern        365] Golden answer:    -2620095, Your answer:    -2620095
[PASS] [Pattern        366] Golden answer:     -237183, Your answer:     -237183
[PASS] [Pattern        367] Golden answer:     1451858, Your answer:     1451858
[PASS] [Pattern        368] Golden answer:      868225, Your answer:      868225
[PASS] [Pattern        369] Golden answer:     1159220, Your answer:     1159220
[PASS] [Pattern        370] Golden answer:      635220, Your answer:      635220
[PASS] [Pattern        371] Golden answer:     -379599, Your answer:     -379599
[PASS] [Pattern        372] Golden answer:     -467757, Your answer:     -467757
[PASS] [Pattern        373] Golden answer:     2167903, Your answer:     2167903
[PASS] [Pattern        374] Golden answer:     1507972, Your answer:     1507972
[PASS] [Pattern        375] Golden answer:     -245132, Your answer:     -245132
[PASS] [Pattern        376] Golden answer:    -1029343, Your answer:    -1029343
[PASS] [Pattern        377] Golden answer:      867603, Your answer:      867603
[PASS] [Pattern        378] Golden answer:    -1262086, Your answer:    -1262086
[PASS] [Pattern        379] Golden answer:     -600733, Your answer:     -600733
[PASS] [Pattern        380] Golden answer:     -992349, Your answer:     -992349
[PASS] [Pattern        381] Golden answer:     -639447, Your answer:     -639447
[PASS] [Pattern        382] Golden answer:    -2140612, Your answer:    -2140612
[PASS] [Pattern        383] Golden answer:     -103151, Your answer:     -103151
[PASS] [Pattern        384] Golden answer:    -1315480, Your answer:    -1315480
[PASS] [Pattern        385] Golden answer:      183577, Your answer:      183577
[PASS] [Pattern        386] Golden answer:      446247, Your answer:      446247
[PASS] [Pattern        387] Golden answer:    -2450807, Your answer:    -2450807
[PASS] [Pattern        388] Golden answer:     2854410, Your answer:     2854410
[PASS] [Pattern        389] Golden answer:      531429, Your answer:      531429
[PASS] [Pattern        390] Golden answer:    -1105743, Your answer:    -1105743
[PASS] [Pattern        391] Golden answer:     2162727, Your answer:     2162727
[PASS] [Pattern        392] Golden answer:    -1312777, Your answer:    -1312777
[PASS] [Pattern        393] Golden answer:     -737249, Your answer:     -737249
[PASS] [Pattern        394] Golden answer:     1182145, Your answer:     1182145
[PASS] [Pattern        395] Golden answer:     -558765, Your answer:     -558765
[PASS] [Pattern        396] Golden answer:      679355, Your answer:      679355
[PASS] [Pattern        397] Golden answer:    -1155223, Your answer:    -1155223
[PASS] [Pattern        398] Golden answer:     -785978, Your answer:     -785978
[PASS] [Pattern        399] Golden answer:     2466121, Your answer:     2466121
[PASS] [Pattern        400] Golden answer:     -933546, Your answer:     -933546
[PASS] [Pattern        401] Golden answer:      640479, Your answer:      640479
[PASS] [Pattern        402] Golden answer:     1521313, Your answer:     1521313
[PASS] [Pattern        403] Golden answer:    -1356738, Your answer:    -1356738
[PASS] [Pattern        404] Golden answer:     1060166, Your answer:     1060166
[PASS] [Pattern        405] Golden answer:     3205424, Your answer:     3205424
[PASS] [Pattern        406] Golden answer:    -2264761, Your answer:    -2264761
[PASS] [Pattern        407] Golden answer:     3529157, Your answer:     3529157
[PASS] [Pattern        408] Golden answer:      579689, Your answer:      579689
[PASS] [Pattern        409] Golden answer:       27103, Your answer:       27103
[PASS] [Pattern        410] Golden answer:     2560909, Your answer:     2560909
[PASS] [Pattern        411] Golden answer:    -1695075, Your answer:    -1695075
[PASS] [Pattern        412] Golden answer:     1878263, Your answer:     1878263
[PASS] [Pattern        413] Golden answer:    -1579685, Your answer:    -1579685
[PASS] [Pattern        414] Golden answer:      670870, Your answer:      670870
[PASS] [Pattern        415] Golden answer:     2104729, Your answer:     2104729
[PASS] [Pattern        416] Golden answer:    -1528554, Your answer:    -1528554
[PASS] [Pattern        417] Golden answer:      924466, Your answer:      924466
[PASS] [Pattern        418] Golden answer:     -815833, Your answer:     -815833
[PASS] [Pattern        419] Golden answer:     -193618, Your answer:     -193618
[PASS] [Pattern        420] Golden answer:      574787, Your answer:      574787
[PASS] [Pattern        421] Golden answer:     1483685, Your answer:     1483685
[PASS] [Pattern        422] Golden answer:    -2484878, Your answer:    -2484878
[PASS] [Pattern        423] Golden answer:      314613, Your answer:      314613
[PASS] [Pattern        424] Golden answer:      248329, Your answer:      248329
[PASS] [Pattern        425] Golden answer:     -571594, Your answer:     -571594
[PASS] [Pattern        426] Golden answer:      534930, Your answer:      534930
[PASS] [Pattern        427] Golden answer:    -1504623, Your answer:    -1504623
[PASS] [Pattern        428] Golden answer:    -2143749, Your answer:    -2143749
[PASS] [Pattern        429] Golden answer:     -402150, Your answer:     -402150
[PASS] [Pattern        430] Golden answer:      896275, Your answer:      896275
[PASS] [Pattern        431] Golden answer:     -658420, Your answer:     -658420
[PASS] [Pattern        432] Golden answer:    -1432754, Your answer:    -1432754
[PASS] [Pattern        433] Golden answer:     -943654, Your answer:     -943654
[PASS] [Pattern        434] Golden answer:    -1043948, Your answer:    -1043948
[PASS] [Pattern        435] Golden answer:    -1814287, Your answer:    -1814287
[PASS] [Pattern        436] Golden answer:     -558261, Your answer:     -558261
[PASS] [Pattern        437] Golden answer:      803134, Your answer:      803134
[PASS] [Pattern        438] Golden answer:    -2653733, Your answer:    -2653733
[PASS] [Pattern        439] Golden answer:     2585025, Your answer:     2585025
[PASS] [Pattern        440] Golden answer:     -802100, Your answer:     -802100
[PASS] [Pattern        441] Golden answer:    -2053386, Your answer:    -2053386
[PASS] [Pattern        442] Golden answer:     2517573, Your answer:     2517573
[PASS] [Pattern        443] Golden answer:     -772093, Your answer:     -772093
[PASS] [Pattern        444] Golden answer:     1201504, Your answer:     1201504
[PASS] [Pattern        445] Golden answer:      861412, Your answer:      861412
[PASS] [Pattern        446] Golden answer:    -1713350, Your answer:    -1713350
[PASS] [Pattern        447] Golden answer:     1869544, Your answer:     1869544
[PASS] [Pattern        448] Golden answer:     -282261, Your answer:     -282261
[PASS] [Pattern        449] Golden answer:    -1130001, Your answer:    -1130001
[PASS] [Pattern        450] Golden answer:     -755226, Your answer:     -755226
[PASS] [Pattern        451] Golden answer:     -308168, Your answer:     -308168
[PASS] [Pattern        452] Golden answer:      995743, Your answer:      995743
[PASS] [Pattern        453] Golden answer:       -6093, Your answer:       -6093
[PASS] [Pattern        454] Golden answer:    -1124771, Your answer:    -1124771
[PASS] [Pattern        455] Golden answer:     1169596, Your answer:     1169596
[PASS] [Pattern        456] Golden answer:     -152978, Your answer:     -152978
[PASS] [Pattern        457] Golden answer:     -777798, Your answer:     -777798
[PASS] [Pattern        458] Golden answer:      848709, Your answer:      848709
[PASS] [Pattern        459] Golden answer:     -555557, Your answer:     -555557
[PASS] [Pattern        460] Golden answer:      762362, Your answer:      762362
[PASS] [Pattern        461] Golden answer:     1548756, Your answer:     1548756
[PASS] [Pattern        462] Golden answer:    -1234055, Your answer:    -1234055
[PASS] [Pattern        463] Golden answer:     1754751, Your answer:     1754751
[PASS] [Pattern        464] Golden answer:     -831531, Your answer:     -831531
[PASS] [Pattern        465] Golden answer:     2721824, Your answer:     2721824
[PASS] [Pattern        466] Golden answer:     2637439, Your answer:     2637439
[PASS] [Pattern        467] Golden answer:    -1638109, Your answer:    -1638109
[PASS] [Pattern        468] Golden answer:     1984172, Your answer:     1984172
[PASS] [Pattern        469] Golden answer:     -730155, Your answer:     -730155
[PASS] [Pattern        470] Golden answer:      391531, Your answer:      391531
[PASS] [Pattern        471] Golden answer:        7170, Your answer:        7170
[PASS] [Pattern        472] Golden answer:    -1605594, Your answer:    -1605594
[PASS] [Pattern        473] Golden answer:      764500, Your answer:      764500
[PASS] [Pattern        474] Golden answer:    -1536725, Your answer:    -1536725
[PASS] [Pattern        475] Golden answer:     1531110, Your answer:     1531110
[PASS] [Pattern        476] Golden answer:     -283736, Your answer:     -283736
[PASS] [Pattern        477] Golden answer:     -544954, Your answer:     -544954
[PASS] [Pattern        478] Golden answer:     1461487, Your answer:     1461487
[PASS] [Pattern        479] Golden answer:     -515010, Your answer:     -515010
[PASS] [Pattern        480] Golden answer:     1393225, Your answer:     1393225
[PASS] [Pattern        481] Golden answer:     -412599, Your answer:     -412599
[PASS] [Pattern        482] Golden answer:     1393569, Your answer:     1393569
[PASS] [Pattern        483] Golden answer:     -584227, Your answer:     -584227
[PASS] [Pattern        484] Golden answer:     -108524, Your answer:     -108524
[PASS] [Pattern        485] Golden answer:      740615, Your answer:      740615
[PASS] [Pattern        486] Golden answer:      162598, Your answer:      162598
[PASS] [Pattern        487] Golden answer:      531713, Your answer:      531713
[PASS] [Pattern        488] Golden answer:      853909, Your answer:      853909
[PASS] [Pattern        489] Golden answer:       30913, Your answer:       30913
[PASS] [Pattern        490] Golden answer:     -374877, Your answer:     -374877
[PASS] [Pattern        491] Golden answer:     1340132, Your answer:     1340132
[PASS] [Pattern        492] Golden answer:     -191319, Your answer:     -191319
[PASS] [Pattern        493] Golden answer:     2668593, Your answer:     2668593
[PASS] [Pattern        494] Golden answer:        7805, Your answer:        7805
[PASS] [Pattern        495] Golden answer:      518525, Your answer:      518525
[PASS] [Pattern        496] Golden answer:      848468, Your answer:      848468
[PASS] [Pattern        497] Golden answer:      505401, Your answer:      505401
OK: exp =           0, rdata =           0
------End the data input(AXI-Stream)------
[PASS] [Pattern        498] Golden answer:     1125977, Your answer:     1125977
[PASS] [Pattern        499] Golden answer:     -290984, Your answer:     -290984
OK: exp =           2, rdata =           2
OK: exp =           4, rdata =           4
---------------------------------------------
-----------Congratulations! Pass-------------
$finish called from file "tb.v", line 218.
$finish at simulation time            102035000
           V C S   S i m u l a t i o n   R e p o r t 
Time: 102035000 ps
CPU Time:      5.020 seconds;       Data structure size:   0.7Mb
Sun Mar  9 19:09:05 2025
CPU time: 5.071 seconds in simulation
